SF:/Users/kemaltaskin/Projects/Quiz/Common/AppSettings.cs
FN:10,System.String Common.AppSettings::get_ConnectionString()
FNDA:0,System.String Common.AppSettings::get_ConnectionString()
DA:11,0
FN:15,System.String Common.AppSettings::get_ApiKey()
FNDA:0,System.String Common.AppSettings::get_ApiKey()
DA:16,0
FN:20,Common.EmailSettings Common.AppSettings::get_Email()
FNDA:3,Common.EmailSettings Common.AppSettings::get_Email()
DA:21,3
LF:3
LH:1
BRF:0
BRH:0
FNF:3
FNH:1
end_of_record
SF:/Users/kemaltaskin/Projects/Quiz/Common/AuthenticationHelper.cs
FN:21,System.Byte[] Common.AuthenticationHelper::EncryptPassword(System.String)
FNDA:236,System.Byte[] Common.AuthenticationHelper::EncryptPassword(System.String)
DA:22,236
DA:25,236
DA:26,236
DA:27,236
DA:28,236
DA:30,236
DA:31,236
FN:38,System.String Common.AuthenticationHelper::GenerateToken(System.Int32)
FNDA:8,System.String Common.AuthenticationHelper::GenerateToken(System.Int32)
DA:39,8
DA:40,8
DA:41,8
FN:48,System.String Common.AuthenticationHelper::GenerateRandomString(System.Int32)
FNDA:64,System.String Common.AuthenticationHelper::GenerateRandomString(System.Int32)
DA:49,64
DA:50,64
DA:51,20608
DA:52,10240
DA:54,64
DA:55,64
BRDA:51,58,1,10240
BRDA:51,58,0,64
FN:63,System.Boolean Common.AuthenticationHelper::CompareByteArrays(System.Byte[],System.Byte[])
FNDA:17,System.Boolean Common.AuthenticationHelper::CompareByteArrays(System.Byte[],System.Byte[])
DA:64,17
DA:65,17
DA:66,0
DA:67,0
DA:70,17
DA:72,1954
DA:73,962
DA:74,962
DA:76,962
DA:77,2
DA:78,2
DA:80,960
DA:82,17
DA:83,17
BRDA:65,2,0,17
BRDA:65,5,0,17
BRDA:65,2,1,0
BRDA:65,5,1,0
BRDA:65,23,0,0
BRDA:65,23,1,17
BRDA:72,74,1,962
BRDA:76,54,0,2
BRDA:76,54,1,960
BRDA:72,74,0,17
FN:13,System.Void Common.AuthenticationHelper::.cctor()
FNDA:3,System.Void Common.AuthenticationHelper::.cctor()
DA:14,3
LF:31
LH:29
BRF:12
BRH:9
FNF:5
FNH:5
end_of_record
SF:/Users/kemaltaskin/Projects/Quiz/Common/Convertor.cs
FN:16,System.String Common.Convertor::ToString(System.Object,System.String)
FNDA:10,System.String Common.Convertor::ToString(System.Object,System.String)
DA:17,10
DA:18,10
DA:19,10
BRDA:18,2,0,9
BRDA:18,2,1,2
BRDA:18,10,0,2
BRDA:18,10,1,8
LF:3
LH:3
BRF:4
BRH:4
FNF:1
FNH:1
end_of_record
SF:/Users/kemaltaskin/Projects/Quiz/Common/EmailSettings.cs
FN:10,System.String Common.EmailSettings::get_Host()
FNDA:2,System.String Common.EmailSettings::get_Host()
DA:11,2
FN:15,System.String Common.EmailSettings::get_From()
FNDA:0,System.String Common.EmailSettings::get_From()
DA:16,0
FN:20,System.String Common.EmailSettings::get_User()
FNDA:2,System.String Common.EmailSettings::get_User()
DA:21,2
FN:25,System.String Common.EmailSettings::get_Password()
FNDA:2,System.String Common.EmailSettings::get_Password()
DA:26,2
LF:4
LH:3
BRF:0
BRH:0
FNF:4
FNH:3
end_of_record
SF:/Users/kemaltaskin/Projects/Quiz/Common/GenericWrapper.cs
FN:16,T Common.GenericWrapper`1::get_Value()
FNDA:16,T Common.GenericWrapper`1::get_Value()
DA:17,16
FN:24,Common.GenericWrapper`1<T> Common.GenericWrapper`1::Wrap(T)
FNDA:8,Common.GenericWrapper`1<T> Common.GenericWrapper`1::Wrap(T)
DA:25,8
DA:26,8
DA:27,8
DA:28,8
DA:29,8
DA:30,8
LF:7
LH:7
BRF:0
BRH:0
FNF:2
FNH:2
end_of_record
SF:/Users/kemaltaskin/Projects/Quiz/Common/HttpErrorMessage.cs
FN:10,System.String Common.HttpErrorMessage::get_Code()
FNDA:6,System.String Common.HttpErrorMessage::get_Code()
DA:11,6
FN:16,System.Void Common.HttpErrorMessage::.ctor(System.String)
FNDA:4,System.Void Common.HttpErrorMessage::.ctor(System.String)
DA:17,4
DA:18,4
DA:19,4
DA:20,4
LF:5
LH:5
BRF:0
BRH:0
FNF:2
FNH:2
end_of_record
SF:/Users/kemaltaskin/Projects/Quiz/Common/LogParameters.cs
FN:10,System.Int32 Common.LogParameters::get_CategoryId()
FNDA:8,System.Int32 Common.LogParameters::get_CategoryId()
DA:11,8
LF:1
LH:1
BRF:0
BRH:0
FNF:1
FNH:1
end_of_record
SF:/Users/kemaltaskin/Projects/Quiz/Common/Implementations/EmailManager.cs
FN:13,Common.EmailSettings Common.Implementations.EmailManager::get_Settings()
FNDA:4,Common.EmailSettings Common.Implementations.EmailManager::get_Settings()
DA:14,4
FN:34,System.Void Common.Implementations.EmailManager::Send(System.String,System.String,System.String)
FNDA:0,System.Void Common.Implementations.EmailManager::Send(System.String,System.String,System.String)
DA:35,0
DA:36,0
DA:37,0
DA:38,0
FN:40,System.Net.Mail.MailMessage Common.Implementations.EmailManager::CreateMailMessage(System.String,System.String,System.String,System.String)
FNDA:1,System.Net.Mail.MailMessage Common.Implementations.EmailManager::CreateMailMessage(System.String,System.String,System.String,System.String)
DA:41,1
DA:42,1
DA:43,1
DA:44,1
DA:45,1
DA:46,1
DA:47,1
DA:48,1
DA:50,1
DA:52,1
DA:53,1
FN:55,System.Net.Mail.SmtpClient Common.Implementations.EmailManager::CreateSmtpClient(System.String,System.String,System.String)
FNDA:2,System.Net.Mail.SmtpClient Common.Implementations.EmailManager::CreateSmtpClient(System.String,System.String,System.String)
DA:56,2
DA:57,2
DA:58,2
DA:59,2
DA:60,2
DA:61,2
DA:62,2
FN:21,System.Void Common.Implementations.EmailManager::.ctor(Microsoft.Extensions.Options.IOptions`1<Common.AppSettings>)
FNDA:1,System.Void Common.Implementations.EmailManager::.ctor(Microsoft.Extensions.Options.IOptions`1<Common.AppSettings>)
DA:22,1
DA:23,1
DA:24,1
DA:25,1
DA:26,1
LF:28
LH:24
BRF:0
BRH:0
FNF:5
FNH:4
end_of_record
SF:/Users/kemaltaskin/Projects/Quiz/Common/Implementations/LogAdapter.cs
FN:33,System.Void Common.Implementations.LogAdapter::Write(Serilog.Events.LogEventLevel,System.Exception,System.String,System.Object[])
FNDA:0,System.Void Common.Implementations.LogAdapter::Write(Serilog.Events.LogEventLevel,System.Exception,System.String,System.Object[])
DA:34,0
DA:35,0
DA:36,0
FN:19,System.Void Common.Implementations.LogAdapter::.ctor(Microsoft.Extensions.Configuration.IConfiguration)
FNDA:0,System.Void Common.Implementations.LogAdapter::.ctor(Microsoft.Extensions.Configuration.IConfiguration)
DA:20,0
DA:21,0
DA:22,0
DA:23,0
DA:24,0
LF:8
LH:0
BRF:0
BRH:0
FNF:2
FNH:0
end_of_record
SF:/Users/kemaltaskin/Projects/Quiz/Common/Implementations/LogManager.cs
FN:31,System.Void Common.Implementations.LogManager::AddLog(Common.LogCategory,System.String,Serilog.Events.LogEventLevel,System.Object[])
FNDA:3,System.Void Common.Implementations.LogManager::AddLog(Common.LogCategory,System.String,Serilog.Events.LogEventLevel,System.Object[])
DA:32,3
DA:33,3
DA:34,3
FN:42,System.Void Common.Implementations.LogManager::AddLog(Common.LogCategory,System.Exception,System.Object[])
FNDA:1,System.Void Common.Implementations.LogManager::AddLog(Common.LogCategory,System.Exception,System.Object[])
DA:43,1
DA:44,1
DA:45,1
FN:55,System.Void Common.Implementations.LogManager::AddLog(Common.LogCategory,System.Exception,System.String,Serilog.Events.LogEventLevel,System.Object[])
FNDA:4,System.Void Common.Implementations.LogManager::AddLog(Common.LogCategory,System.Exception,System.String,Serilog.Events.LogEventLevel,System.Object[])
DA:56,4
DA:57,4
DA:59,4
DA:60,4
DA:62,4
DA:63,4
DA:65,4
DA:66,4
BRDA:59,10,0,1
BRDA:59,10,1,4
FN:68,Common.LogParameters Common.Implementations.LogManager::CreateLogParameters(Common.LogCategory)
FNDA:4,Common.LogParameters Common.Implementations.LogManager::CreateLogParameters(Common.LogCategory)
DA:69,4
DA:70,4
DA:71,4
DA:72,4
DA:73,4
DA:74,4
FN:18,System.Void Common.Implementations.LogManager::.ctor(Common.Interfaces.ILogAdapter)
FNDA:4,System.Void Common.Implementations.LogManager::.ctor(Common.Interfaces.ILogAdapter)
DA:19,4
DA:20,4
DA:21,4
DA:22,4
LF:24
LH:24
BRF:2
BRH:2
FNF:5
FNH:5
end_of_record
SF:/Users/kemaltaskin/Projects/Quiz/Models/TransferObjects/Answer.cs
FN:12,System.Int32 Models.TransferObjects.Answer::get_TimeSpent()
FNDA:0,System.Int32 Models.TransferObjects.Answer::get_TimeSpent()
DA:13,0
FN:17,System.Int32 Models.TransferObjects.Answer::get_QuestionId()
FNDA:0,System.Int32 Models.TransferObjects.Answer::get_QuestionId()
DA:18,0
FN:22,System.Collections.Generic.IEnumerable`1<System.Int32> Models.TransferObjects.Answer::get_Options()
FNDA:0,System.Collections.Generic.IEnumerable`1<System.Int32> Models.TransferObjects.Answer::get_Options()
DA:23,0
LF:3
LH:0
BRF:0
BRH:0
FNF:3
FNH:0
end_of_record
SF:/Users/kemaltaskin/Projects/Quiz/Models/TransferObjects/AuthToken.cs
FN:15,System.String Models.TransferObjects.AuthToken::get_Token()
FNDA:24,System.String Models.TransferObjects.AuthToken::get_Token()
DA:16,24
FN:20,System.Boolean Models.TransferObjects.AuthToken::get_IsVerified()
FNDA:20,System.Boolean Models.TransferObjects.AuthToken::get_IsVerified()
DA:21,20
FN:26,System.DateTime Models.TransferObjects.AuthToken::get_ValidUntil()
FNDA:0,System.DateTime Models.TransferObjects.AuthToken::get_ValidUntil()
DA:27,0
FN:31,System.Int32 Models.TransferObjects.AuthToken::get_UserId()
FNDA:20,System.Int32 Models.TransferObjects.AuthToken::get_UserId()
DA:32,20
LF:4
LH:3
BRF:0
BRH:0
FNF:4
FNH:3
end_of_record
SF:/Users/kemaltaskin/Projects/Quiz/Models/TransferObjects/CreateAttemptResponse.cs
FN:12,Models.TransferObjects.CreateAttemptResult Models.TransferObjects.CreateAttemptResponse::get_Result()
FNDA:24,Models.TransferObjects.CreateAttemptResult Models.TransferObjects.CreateAttemptResponse::get_Result()
DA:13,24
FN:17,Models.DbModels.QuizAttempt Models.TransferObjects.CreateAttemptResponse::get_Attempt()
FNDA:18,Models.DbModels.QuizAttempt Models.TransferObjects.CreateAttemptResponse::get_Attempt()
DA:18,18
LF:2
LH:2
BRF:0
BRH:0
FNF:2
FNH:2
end_of_record
SF:/Users/kemaltaskin/Projects/Quiz/Models/TransferObjects/EmailRequest.cs
FN:10,System.String Models.TransferObjects.EmailRequest::get_Email()
FNDA:0,System.String Models.TransferObjects.EmailRequest::get_Email()
DA:11,0
LF:1
LH:0
BRF:0
BRH:0
FNF:1
FNH:0
end_of_record
SF:/Users/kemaltaskin/Projects/Quiz/Models/TransferObjects/GenericManagerResponse.cs
FN:12,TE Models.TransferObjects.GenericManagerResponse`2::get_Response()
FNDA:6,TE Models.TransferObjects.GenericManagerResponse`2::get_Response()
DA:13,6
FN:17,T Models.TransferObjects.GenericManagerResponse`2::get_Value()
FNDA:0,T Models.TransferObjects.GenericManagerResponse`2::get_Value()
DA:18,0
FN:24,System.Void Models.TransferObjects.GenericManagerResponse`2::.ctor(TE,T)
FNDA:6,System.Void Models.TransferObjects.GenericManagerResponse`2::.ctor(TE,T)
DA:25,6
DA:26,6
DA:27,6
DA:28,6
DA:29,6
LF:7
LH:6
BRF:0
BRH:0
FNF:3
FNH:2
end_of_record
SF:/Users/kemaltaskin/Projects/Quiz/Models/TransferObjects/OneTimeTokenRequest.cs
FN:10,System.String Models.TransferObjects.OneTimeTokenRequest::get_Token()
FNDA:20,System.String Models.TransferObjects.OneTimeTokenRequest::get_Token()
DA:11,20
FN:15,System.String Models.TransferObjects.OneTimeTokenRequest::get_DeviceId()
FNDA:12,System.String Models.TransferObjects.OneTimeTokenRequest::get_DeviceId()
DA:16,12
LF:2
LH:2
BRF:0
BRH:0
FNF:2
FNH:2
end_of_record
SF:/Users/kemaltaskin/Projects/Quiz/Models/TransferObjects/PasswordChangeRequest.cs
FN:10,System.String Models.TransferObjects.PasswordChangeRequest::get_Password()
FNDA:0,System.String Models.TransferObjects.PasswordChangeRequest::get_Password()
DA:11,0
FN:15,System.String Models.TransferObjects.PasswordChangeRequest::get_DeviceId()
FNDA:0,System.String Models.TransferObjects.PasswordChangeRequest::get_DeviceId()
DA:16,0
LF:2
LH:0
BRF:0
BRH:0
FNF:2
FNH:0
end_of_record
SF:/Users/kemaltaskin/Projects/Quiz/Models/TransferObjects/PasswordChangeRequestWithToken.cs
FN:10,System.String Models.TransferObjects.PasswordChangeRequestWithToken::get_Password()
FNDA:0,System.String Models.TransferObjects.PasswordChangeRequestWithToken::get_Password()
DA:11,0
LF:1
LH:0
BRF:0
BRH:0
FNF:1
FNH:0
end_of_record
SF:/Users/kemaltaskin/Projects/Quiz/Models/TransferObjects/PasswordCriteria.cs
FN:12,System.Int32 Models.TransferObjects.PasswordCriteria::get_MinimumLength()
FNDA:0,System.Int32 Models.TransferObjects.PasswordCriteria::get_MinimumLength()
DA:13,0
FN:17,System.Int32 Models.TransferObjects.PasswordCriteria::get_MinimumAlphabetic()
FNDA:0,System.Int32 Models.TransferObjects.PasswordCriteria::get_MinimumAlphabetic()
DA:18,0
FN:22,System.Int32 Models.TransferObjects.PasswordCriteria::get_MinimumNumeric()
FNDA:0,System.Int32 Models.TransferObjects.PasswordCriteria::get_MinimumNumeric()
DA:23,0
FN:30,System.Boolean Models.TransferObjects.PasswordCriteria::IsValid(System.String)
FNDA:128,System.Boolean Models.TransferObjects.PasswordCriteria::IsValid(System.String)
DA:31,128
DA:32,128
DA:33,0
DA:34,0
DA:37,128
DA:39,128
DA:40,4
DA:41,4
DA:44,124
DA:45,0
DA:46,0
DA:50,124
DA:51,0
DA:52,0
DA:55,124
DA:56,128
BRDA:32,9,0,0
BRDA:32,9,1,128
BRDA:39,38,0,4
BRDA:39,38,1,124
BRDA:44,75,0,0
BRDA:44,75,1,124
BRDA:50,112,0,0
BRDA:50,112,1,124
LF:19
LH:10
BRF:8
BRH:5
FNF:4
FNH:1
end_of_record
SF:/Users/kemaltaskin/Projects/Quiz/Models/TransferObjects/TokenRequest.cs
FN:10,System.String Models.TransferObjects.TokenRequest::get_Email()
FNDA:12,System.String Models.TransferObjects.TokenRequest::get_Email()
DA:11,12
FN:15,System.String Models.TransferObjects.TokenRequest::get_Password()
FNDA:12,System.String Models.TransferObjects.TokenRequest::get_Password()
DA:16,12
FN:20,System.String Models.TransferObjects.TokenRequest::get_DeviceId()
FNDA:8,System.String Models.TransferObjects.TokenRequest::get_DeviceId()
DA:21,8
LF:3
LH:3
BRF:0
BRH:0
FNF:3
FNH:3
end_of_record
SF:/Users/kemaltaskin/Projects/Quiz/Models/TransferObjects/UpdateQuizAttemptResponse.cs
FN:12,Models.TransferObjects.UpdateQuizAttemptStatusResult Models.TransferObjects.UpdateQuizAttemptResponse::get_Result()
FNDA:24,Models.TransferObjects.UpdateQuizAttemptStatusResult Models.TransferObjects.UpdateQuizAttemptResponse::get_Result()
DA:13,24
FN:17,Models.DbModels.QuizAttempt Models.TransferObjects.UpdateQuizAttemptResponse::get_Attempt()
FNDA:24,Models.DbModels.QuizAttempt Models.TransferObjects.UpdateQuizAttemptResponse::get_Attempt()
DA:18,24
LF:2
LH:2
BRF:0
BRH:0
FNF:2
FNH:2
end_of_record
SF:/Users/kemaltaskin/Projects/Quiz/Models/TransferObjects/UpdateQuizAttemptStatus.cs
FN:12,System.Int32 Models.TransferObjects.UpdateQuizAttemptStatus::get_TimeSpent()
FNDA:30,System.Int32 Models.TransferObjects.UpdateQuizAttemptStatus::get_TimeSpent()
DA:13,30
FN:17,System.Boolean Models.TransferObjects.UpdateQuizAttemptStatus::get_EndQuiz()
FNDA:16,System.Boolean Models.TransferObjects.UpdateQuizAttemptStatus::get_EndQuiz()
DA:18,16
LF:2
LH:2
BRF:0
BRH:0
FNF:2
FNH:2
end_of_record
SF:/Users/kemaltaskin/Projects/Quiz/Models/TransferObjects/User.cs
FN:10,System.String Models.TransferObjects.User::get_Email()
FNDA:270,System.String Models.TransferObjects.User::get_Email()
DA:11,270
FN:15,System.String Models.TransferObjects.User::get_FirstName()
FNDA:246,System.String Models.TransferObjects.User::get_FirstName()
DA:16,246
FN:20,System.String Models.TransferObjects.User::get_LastName()
FNDA:246,System.String Models.TransferObjects.User::get_LastName()
DA:21,246
FN:25,System.String Models.TransferObjects.User::get_PictureUrl()
FNDA:246,System.String Models.TransferObjects.User::get_PictureUrl()
DA:26,246
FN:30,System.String Models.TransferObjects.User::get_Password()
FNDA:364,System.String Models.TransferObjects.User::get_Password()
DA:31,364
FN:35,System.String Models.TransferObjects.User::get_DeviceId()
FNDA:128,System.String Models.TransferObjects.User::get_DeviceId()
DA:36,128
LF:6
LH:6
BRF:0
BRH:0
FNF:6
FNH:6
end_of_record
SF:/Users/kemaltaskin/Projects/Quiz/Models/DbModels/Answer.cs
FN:10,System.Int32 Models.DbModels.Answer::get_AttemptId()
FNDA:0,System.Int32 Models.DbModels.Answer::get_AttemptId()
DA:11,0
FN:15,System.Int32 Models.DbModels.Answer::get_QuestionId()
FNDA:0,System.Int32 Models.DbModels.Answer::get_QuestionId()
DA:16,0
FN:20,System.Int32 Models.DbModels.Answer::get_OptionId()
FNDA:0,System.Int32 Models.DbModels.Answer::get_OptionId()
DA:21,0
LF:3
LH:0
BRF:0
BRH:0
FNF:3
FNH:0
end_of_record
SF:/Users/kemaltaskin/Projects/Quiz/Models/DbModels/OneTimeToken.cs
FN:12,System.Int32 Models.DbModels.OneTimeToken::get_Id()
FNDA:0,System.Int32 Models.DbModels.OneTimeToken::get_Id()
DA:13,0
FN:17,System.String Models.DbModels.OneTimeToken::get_Email()
FNDA:36,System.String Models.DbModels.OneTimeToken::get_Email()
DA:18,36
FN:22,System.Byte Models.DbModels.OneTimeToken::get_TokenType()
FNDA:0,System.Byte Models.DbModels.OneTimeToken::get_TokenType()
DA:23,0
FN:27,System.String Models.DbModels.OneTimeToken::get_Token()
FNDA:0,System.String Models.DbModels.OneTimeToken::get_Token()
DA:28,0
FN:32,System.DateTime Models.DbModels.OneTimeToken::get_ValidUntil()
FNDA:0,System.DateTime Models.DbModels.OneTimeToken::get_ValidUntil()
DA:33,0
LF:5
LH:1
BRF:0
BRH:0
FNF:5
FNH:1
end_of_record
SF:/Users/kemaltaskin/Projects/Quiz/Models/DbModels/Option.cs
FN:10,System.Int32 Models.DbModels.Option::get_Id()
FNDA:0,System.Int32 Models.DbModels.Option::get_Id()
DA:11,0
FN:15,System.String Models.DbModels.Option::get_Body()
FNDA:0,System.String Models.DbModels.Option::get_Body()
DA:16,0
FN:20,System.Boolean Models.DbModels.Option::get_IsCorrect()
FNDA:0,System.Boolean Models.DbModels.Option::get_IsCorrect()
DA:21,0
LF:3
LH:0
BRF:0
BRH:0
FNF:3
FNH:0
end_of_record
SF:/Users/kemaltaskin/Projects/Quiz/Models/DbModels/Pool.cs
FN:10,System.Int32 Models.DbModels.Pool::get_Id()
FNDA:0,System.Int32 Models.DbModels.Pool::get_Id()
DA:11,0
FN:15,System.Int32 Models.DbModels.Pool::get_OwnerId()
FNDA:0,System.Int32 Models.DbModels.Pool::get_OwnerId()
DA:16,0
FN:20,System.String Models.DbModels.Pool::get_Name()
FNDA:0,System.String Models.DbModels.Pool::get_Name()
DA:21,0
FN:25,System.Boolean Models.DbModels.Pool::get_IsPublic()
FNDA:0,System.Boolean Models.DbModels.Pool::get_IsPublic()
DA:26,0
LF:4
LH:0
BRF:0
BRH:0
FNF:4
FNH:0
end_of_record
SF:/Users/kemaltaskin/Projects/Quiz/Models/DbModels/Question.cs
FN:13,System.Int32 Models.DbModels.Question::get_Id()
FNDA:286,System.Int32 Models.DbModels.Question::get_Id()
DA:14,286
FN:18,System.String Models.DbModels.Question::get_Body()
FNDA:0,System.String Models.DbModels.Question::get_Body()
DA:19,0
FN:23,System.Byte Models.DbModels.Question::get_Level()
FNDA:40,System.Byte Models.DbModels.Question::get_Level()
DA:24,40
FN:28,Models.DbModels.QuestionType Models.DbModels.Question::get_Type()
FNDA:0,Models.DbModels.QuestionType Models.DbModels.Question::get_Type()
DA:29,0
FN:34,System.Collections.Generic.IEnumerable`1<System.Int32> Models.DbModels.Question::get_OptionIds()
FNDA:0,System.Collections.Generic.IEnumerable`1<System.Int32> Models.DbModels.Question::get_OptionIds()
DA:35,0
LF:5
LH:2
BRF:0
BRH:0
FNF:5
FNH:2
end_of_record
SF:/Users/kemaltaskin/Projects/Quiz/Models/DbModels/QuestionOption.cs
FN:10,System.Int32 Models.DbModels.QuestionOption::get_QuestionId()
FNDA:136,System.Int32 Models.DbModels.QuestionOption::get_QuestionId()
DA:11,136
FN:15,System.Int32 Models.DbModels.QuestionOption::get_OptionId()
FNDA:76,System.Int32 Models.DbModels.QuestionOption::get_OptionId()
DA:16,76
FN:21,System.Byte Models.DbModels.QuestionOption::get_OptionOrder()
FNDA:76,System.Byte Models.DbModels.QuestionOption::get_OptionOrder()
DA:22,76
LF:3
LH:3
BRF:0
BRH:0
FNF:3
FNH:3
end_of_record
SF:/Users/kemaltaskin/Projects/Quiz/Models/DbModels/Quiz.cs
FN:17,System.Int32 Models.DbModels.Quiz::get_Id()
FNDA:0,System.Int32 Models.DbModels.Quiz::get_Id()
DA:18,0
FN:23,System.Int32 Models.DbModels.Quiz::get_QuizIdentityId()
FNDA:170,System.Int32 Models.DbModels.Quiz::get_QuizIdentityId()
DA:24,170
FN:29,Models.DbModels.QuizStatus Models.DbModels.Quiz::get_Status()
FNDA:0,Models.DbModels.QuizStatus Models.DbModels.Quiz::get_Status()
DA:30,0
FN:35,System.Int32 Models.DbModels.Quiz::get_Version()
FNDA:0,System.Int32 Models.DbModels.Quiz::get_Version()
DA:36,0
FN:41,System.String Models.DbModels.Quiz::get_Title()
FNDA:0,System.String Models.DbModels.Quiz::get_Title()
DA:42,0
FN:47,System.String Models.DbModels.Quiz::get_Intro()
FNDA:0,System.String Models.DbModels.Quiz::get_Intro()
DA:48,0
FN:54,System.Collections.Generic.IEnumerable`1<System.Int32> Models.DbModels.Quiz::get_QuestionIds()
FNDA:0,System.Collections.Generic.IEnumerable`1<System.Int32> Models.DbModels.Quiz::get_QuestionIds()
DA:55,0
FN:60,System.Int32 Models.DbModels.Quiz::get_TimeLimitInSeconds()
FNDA:20,System.Int32 Models.DbModels.Quiz::get_TimeLimitInSeconds()
DA:61,20
FN:66,System.Boolean Models.DbModels.Quiz::get_TimeConstraint()
FNDA:20,System.Boolean Models.DbModels.Quiz::get_TimeConstraint()
DA:67,20
FN:72,System.Boolean Models.DbModels.Quiz::get_ShuffleQuestions()
FNDA:0,System.Boolean Models.DbModels.Quiz::get_ShuffleQuestions()
DA:73,0
FN:78,System.Boolean Models.DbModels.Quiz::get_ShuffleOptions()
FNDA:0,System.Boolean Models.DbModels.Quiz::get_ShuffleOptions()
DA:79,0
FN:84,System.Nullable`1<System.Int32> Models.DbModels.Quiz::get_PassScore()
FNDA:0,System.Nullable`1<System.Int32> Models.DbModels.Quiz::get_PassScore()
DA:85,0
FN:90,System.Boolean Models.DbModels.Quiz::get_Repeatable()
FNDA:8,System.Boolean Models.DbModels.Quiz::get_Repeatable()
DA:91,8
FN:96,System.Nullable`1<System.DateTime> Models.DbModels.Quiz::get_ShowResults()
FNDA:0,System.Nullable`1<System.DateTime> Models.DbModels.Quiz::get_ShowResults()
DA:97,0
FN:102,System.Nullable`1<System.DateTime> Models.DbModels.Quiz::get_AvailableFrom()
FNDA:0,System.Nullable`1<System.DateTime> Models.DbModels.Quiz::get_AvailableFrom()
DA:103,0
FN:108,System.Nullable`1<System.DateTime> Models.DbModels.Quiz::get_AvailableTo()
FNDA:26,System.Nullable`1<System.DateTime> Models.DbModels.Quiz::get_AvailableTo()
DA:109,26
FN:114,Models.DbModels.QuizAttempt Models.DbModels.Quiz::get_LastAttempt()
FNDA:0,Models.DbModels.QuizAttempt Models.DbModels.Quiz::get_LastAttempt()
DA:115,0
LF:17
LH:5
BRF:0
BRH:0
FNF:17
FNH:5
end_of_record
SF:/Users/kemaltaskin/Projects/Quiz/Models/DbModels/QuizAssignment.cs
FN:10,System.Int32 Models.DbModels.QuizAssignment::get_QuizIdentityId()
FNDA:0,System.Int32 Models.DbModels.QuizAssignment::get_QuizIdentityId()
DA:11,0
FN:15,System.String Models.DbModels.QuizAssignment::get_Email()
FNDA:0,System.String Models.DbModels.QuizAssignment::get_Email()
DA:16,0
LF:2
LH:0
BRF:0
BRH:0
FNF:2
FNH:0
end_of_record
SF:/Users/kemaltaskin/Projects/Quiz/Models/DbModels/QuizAttempt.cs
FN:15,System.Int32 Models.DbModels.QuizAttempt::get_Id()
FNDA:0,System.Int32 Models.DbModels.QuizAttempt::get_Id()
DA:16,0
FN:21,System.Int32 Models.DbModels.QuizAttempt::get_UserId()
FNDA:28,System.Int32 Models.DbModels.QuizAttempt::get_UserId()
DA:22,28
FN:27,System.Int32 Models.DbModels.QuizAttempt::get_QuizId()
FNDA:48,System.Int32 Models.DbModels.QuizAttempt::get_QuizId()
DA:28,48
FN:33,Models.DbModels.QuizAttemptStatus Models.DbModels.QuizAttempt::get_Status()
FNDA:64,Models.DbModels.QuizAttemptStatus Models.DbModels.QuizAttempt::get_Status()
DA:34,64
FN:39,System.DateTime Models.DbModels.QuizAttempt::get_StartDate()
FNDA:0,System.DateTime Models.DbModels.QuizAttempt::get_StartDate()
DA:40,0
FN:45,System.Nullable`1<System.DateTime> Models.DbModels.QuizAttempt::get_EndDate()
FNDA:0,System.Nullable`1<System.DateTime> Models.DbModels.QuizAttempt::get_EndDate()
DA:46,0
FN:51,System.Nullable`1<System.Int32> Models.DbModels.QuizAttempt::get_Correct()
FNDA:0,System.Nullable`1<System.Int32> Models.DbModels.QuizAttempt::get_Correct()
DA:52,0
FN:57,System.Nullable`1<System.Int32> Models.DbModels.QuizAttempt::get_Incorrect()
FNDA:0,System.Nullable`1<System.Int32> Models.DbModels.QuizAttempt::get_Incorrect()
DA:58,0
FN:63,System.Nullable`1<System.Decimal> Models.DbModels.QuizAttempt::get_Score()
FNDA:0,System.Nullable`1<System.Decimal> Models.DbModels.QuizAttempt::get_Score()
DA:64,0
FN:69,System.Int32 Models.DbModels.QuizAttempt::get_TimeSpent()
FNDA:24,System.Int32 Models.DbModels.QuizAttempt::get_TimeSpent()
DA:70,24
LF:10
LH:4
BRF:0
BRH:0
FNF:10
FNH:4
end_of_record
SF:/Users/kemaltaskin/Projects/Quiz/Models/DbModels/QuizIdentity.cs
FN:14,System.Int32 Models.DbModels.QuizIdentity::get_Id()
FNDA:0,System.Int32 Models.DbModels.QuizIdentity::get_Id()
DA:15,0
FN:20,System.Int32 Models.DbModels.QuizIdentity::get_OwnerId()
FNDA:0,System.Int32 Models.DbModels.QuizIdentity::get_OwnerId()
DA:21,0
LF:2
LH:0
BRF:0
BRH:0
FNF:2
FNH:0
end_of_record
SF:/Users/kemaltaskin/Projects/Quiz/Models/DbModels/QuizQuestion.cs
FN:10,System.Int32 Models.DbModels.QuizQuestion::get_QuizId()
FNDA:0,System.Int32 Models.DbModels.QuizQuestion::get_QuizId()
DA:11,0
FN:15,System.Int32 Models.DbModels.QuizQuestion::get_QuestionId()
FNDA:0,System.Int32 Models.DbModels.QuizQuestion::get_QuestionId()
DA:16,0
FN:20,System.Byte Models.DbModels.QuizQuestion::get_QuestionOrder()
FNDA:0,System.Byte Models.DbModels.QuizQuestion::get_QuestionOrder()
DA:21,0
LF:3
LH:0
BRF:0
BRH:0
FNF:3
FNH:0
end_of_record
SF:/Users/kemaltaskin/Projects/Quiz/Models/DbModels/User.cs
FN:10,System.Int32 Models.DbModels.User::get_Id()
FNDA:0,System.Int32 Models.DbModels.User::get_Id()
DA:11,0
FN:15,System.String Models.DbModels.User::get_Email()
FNDA:0,System.String Models.DbModels.User::get_Email()
DA:16,0
FN:20,System.String Models.DbModels.User::get_FirstName()
FNDA:214,System.String Models.DbModels.User::get_FirstName()
DA:21,214
FN:25,System.String Models.DbModels.User::get_LastName()
FNDA:214,System.String Models.DbModels.User::get_LastName()
DA:26,214
FN:30,System.String Models.DbModels.User::get_PictureUrl()
FNDA:214,System.String Models.DbModels.User::get_PictureUrl()
DA:31,214
FN:35,System.Byte[] Models.DbModels.User::get_PasswordHash()
FNDA:230,System.Byte[] Models.DbModels.User::get_PasswordHash()
DA:36,230
FN:40,System.Boolean Models.DbModels.User::get_IsVerified()
FNDA:224,System.Boolean Models.DbModels.User::get_IsVerified()
DA:41,224
LF:7
LH:5
BRF:0
BRH:0
FNF:7
FNH:5
end_of_record
SF:/Users/kemaltaskin/Projects/Quiz/Models/DbModels/UserToken.cs
FN:12,System.Int32 Models.DbModels.UserToken::get_UserId()
FNDA:26,System.Int32 Models.DbModels.UserToken::get_UserId()
DA:13,26
FN:17,System.String Models.DbModels.UserToken::get_Token()
FNDA:34,System.String Models.DbModels.UserToken::get_Token()
DA:18,34
FN:22,System.String Models.DbModels.UserToken::get_DeviceId()
FNDA:0,System.String Models.DbModels.UserToken::get_DeviceId()
DA:23,0
FN:27,System.DateTime Models.DbModels.UserToken::get_ValidUntil()
FNDA:28,System.DateTime Models.DbModels.UserToken::get_ValidUntil()
DA:28,28
LF:4
LH:3
BRF:0
BRH:0
FNF:4
FNH:3
end_of_record
SF:/Users/kemaltaskin/Projects/Quiz/BusinessLayer/Implementations/AuthManager.cs
FN:21,System.Void BusinessLayer.Implementations.AuthManager::.ctor(BusinessLayer.Context.QuizContext,Common.Interfaces.ILogManager)
FNDA:28,System.Void BusinessLayer.Implementations.AuthManager::.ctor(BusinessLayer.Context.QuizContext,Common.Interfaces.ILogManager)
DA:22,28
DA:23,28
DA:24,28
FN:31,System.Void BusinessLayer.Implementations.AuthManager/<VerifyAccessToken>d__1::MoveNext()
FNDA:10,System.Void BusinessLayer.Implementations.AuthManager/<VerifyAccessToken>d__1::MoveNext()
DA:32,10
DA:33,10
DA:35,10
DA:36,4
DA:37,4
DA:40,6
DA:42,6
DA:43,2
DA:44,2
DA:47,4
DA:48,4
DA:49,4
DA:50,4
DA:51,4
DA:52,4
DA:53,4
DA:54,10
BRDA:35,170,0,4
BRDA:35,170,1,6
BRDA:40,244,0,0
BRDA:40,244,1,6
BRDA:42,360,0,2
BRDA:42,360,1,4
FN:61,System.Void BusinessLayer.Implementations.AuthManager/<GenerateTokenAsync>d__2::MoveNext()
FNDA:6,System.Void BusinessLayer.Implementations.AuthManager/<GenerateTokenAsync>d__2::MoveNext()
DA:62,6
DA:63,6
DA:65,6
DA:67,6
DA:68,2
DA:69,2
DA:71,2
DA:74,4
DA:75,6
BRDA:67,354,0,4
BRDA:67,354,1,2
BRDA:67,385,0,2
BRDA:67,385,1,4
FN:83,System.Void BusinessLayer.Implementations.AuthManager/<GenerateTokenAsync>d__3::MoveNext()
FNDA:8,System.Void BusinessLayer.Implementations.AuthManager/<GenerateTokenAsync>d__3::MoveNext()
DA:84,8
DA:87,8
DA:88,8
DA:90,8
DA:91,2
DA:92,2
DA:95,6
DA:96,2
DA:97,2
DA:98,2
DA:100,2
DA:102,2
DA:103,2
DA:104,2
DA:105,2
DA:106,2
DA:107,2
DA:108,2
DA:109,2
DA:111,4
DA:112,4
DA:114,4
DA:115,4
DA:116,4
DA:117,4
DA:118,4
DA:119,4
DA:120,4
DA:122,4
DA:124,4
DA:125,4
DA:126,4
DA:127,4
DA:128,4
DA:129,4
DA:130,4
DA:131,4
DA:133,6
DA:134,8
BRDA:87,127,0,0
BRDA:87,127,1,8
BRDA:88,288,0,0
BRDA:88,288,1,8
BRDA:90,405,0,2
BRDA:90,405,1,6
BRDA:95,428,0,2
BRDA:95,428,1,4
BRDA:114,826,0,0
BRDA:114,826,1,4
FN:141,System.Void BusinessLayer.Implementations.AuthManager/<GetAccessToken>d__4::MoveNext()
FNDA:16,System.Void BusinessLayer.Implementations.AuthManager/<GetAccessToken>d__4::MoveNext()
DA:142,16
DA:143,16
DA:144,16
DA:145,16
DA:147,16
DA:148,16
LF:74
LH:74
BRF:20
BRH:16
FNF:5
FNH:5
end_of_record
SF:/Users/kemaltaskin/Projects/Quiz/BusinessLayer/Implementations/ContextManager.cs
FN:32,System.Void BusinessLayer.Implementations.ContextManager::BeginTransaction()
FNDA:0,System.Void BusinessLayer.Implementations.ContextManager::BeginTransaction()
DA:33,0
DA:34,0
DA:35,0
FN:40,System.Void BusinessLayer.Implementations.ContextManager::Rollback()
FNDA:0,System.Void BusinessLayer.Implementations.ContextManager::Rollback()
DA:41,0
DA:42,0
DA:43,0
DA:44,0
FN:23,System.Void BusinessLayer.Implementations.ContextManager::.ctor(BusinessLayer.Context.QuizContext,Common.Interfaces.ILogManager)
FNDA:0,System.Void BusinessLayer.Implementations.ContextManager::.ctor(BusinessLayer.Context.QuizContext,Common.Interfaces.ILogManager)
DA:24,0
DA:25,0
DA:26,0
LF:10
LH:0
BRF:0
BRH:0
FNF:3
FNH:0
end_of_record
SF:/Users/kemaltaskin/Projects/Quiz/BusinessLayer/Implementations/ManagerBase.cs
FN:13,BusinessLayer.Context.QuizContext BusinessLayer.Implementations.ManagerBase::get_Context()
FNDA:1168,BusinessLayer.Context.QuizContext BusinessLayer.Implementations.ManagerBase::get_Context()
DA:14,1168
FN:18,Common.Interfaces.ILogManager BusinessLayer.Implementations.ManagerBase::get_LogManager()
FNDA:2,Common.Interfaces.ILogManager BusinessLayer.Implementations.ManagerBase::get_LogManager()
DA:19,2
FN:25,System.Void BusinessLayer.Implementations.ManagerBase::.ctor(BusinessLayer.Context.QuizContext,Common.Interfaces.ILogManager)
FNDA:198,System.Void BusinessLayer.Implementations.ManagerBase::.ctor(BusinessLayer.Context.QuizContext,Common.Interfaces.ILogManager)
DA:26,198
DA:27,198
DA:28,198
DA:29,198
DA:30,198
LF:7
LH:7
BRF:0
BRH:0
FNF:3
FNH:3
end_of_record
SF:/Users/kemaltaskin/Projects/Quiz/BusinessLayer/Implementations/OptionManager.cs
FN:20,System.Void BusinessLayer.Implementations.OptionManager::.ctor(BusinessLayer.Context.QuizContext,Common.Interfaces.ILogManager)
FNDA:10,System.Void BusinessLayer.Implementations.OptionManager::.ctor(BusinessLayer.Context.QuizContext,Common.Interfaces.ILogManager)
DA:21,10
DA:22,10
DA:23,10
FN:30,System.Void BusinessLayer.Implementations.OptionManager/<GetQuizOptions>d__1::MoveNext()
FNDA:4,System.Void BusinessLayer.Implementations.OptionManager/<GetQuizOptions>d__1::MoveNext()
DA:31,4
DA:32,4
DA:33,4
DA:34,4
DA:35,4
DA:36,4
DA:37,4
DA:38,4
DA:40,4
DA:41,4
FN:43,System.Void BusinessLayer.Implementations.OptionManager/<InsertOptionInternalAsync>d__2::MoveNext()
FNDA:46,System.Void BusinessLayer.Implementations.OptionManager/<InsertOptionInternalAsync>d__2::MoveNext()
DA:44,46
DA:45,46
DA:47,46
DA:49,46
DA:50,46
BRDA:45,79,0,0
BRDA:45,79,1,46
FN:52,System.Void BusinessLayer.Implementations.OptionManager/<AssignOptionInternalAsync>d__3::MoveNext()
FNDA:46,System.Void BusinessLayer.Implementations.OptionManager/<AssignOptionInternalAsync>d__3::MoveNext()
DA:53,46
DA:54,46
DA:55,46
DA:56,46
DA:57,46
DA:59,46
DA:61,46
DA:62,46
DA:63,46
DA:64,46
DA:65,46
DA:66,46
DA:68,46
DA:70,46
DA:71,46
BRDA:59,276,0,10
BRDA:59,276,1,36
BRDA:61,397,0,0
BRDA:61,397,1,46
LF:33
LH:33
BRF:6
BRH:4
FNF:4
FNH:4
end_of_record
SF:/Users/kemaltaskin/Projects/Quiz/BusinessLayer/Implementations/QuestionManager.cs
FN:20,System.Void BusinessLayer.Implementations.QuestionManager::.ctor(BusinessLayer.Context.QuizContext,Common.Interfaces.ILogManager)
FNDA:30,System.Void BusinessLayer.Implementations.QuestionManager::.ctor(BusinessLayer.Context.QuizContext,Common.Interfaces.ILogManager)
DA:21,30
DA:22,30
DA:23,30
FN:51,System.Boolean BusinessLayer.Implementations.QuestionManager/<>c__DisplayClass1_1::<GetQuizQuestions>b__17(Models.DbModels.QuestionOption)
FNDA:96,System.Boolean BusinessLayer.Implementations.QuestionManager/<>c__DisplayClass1_1::<GetQuizQuestions>b__17(Models.DbModels.QuestionOption)
DA:52,96
FN:52,System.Byte BusinessLayer.Implementations.QuestionManager/<>c::<GetQuizQuestions>b__1_18(Models.DbModels.QuestionOption)
FNDA:36,System.Byte BusinessLayer.Implementations.QuestionManager/<>c::<GetQuizQuestions>b__1_18(Models.DbModels.QuestionOption)
DA:53,36
FN:53,System.Int32 BusinessLayer.Implementations.QuestionManager/<>c::<GetQuizQuestions>b__1_19(Models.DbModels.QuestionOption)
FNDA:36,System.Int32 BusinessLayer.Implementations.QuestionManager/<>c::<GetQuizQuestions>b__1_19(Models.DbModels.QuestionOption)
DA:54,36
FN:30,System.Void BusinessLayer.Implementations.QuestionManager/<GetQuizQuestions>d__1::MoveNext()
FNDA:10,System.Void BusinessLayer.Implementations.QuestionManager/<GetQuizQuestions>d__1::MoveNext()
DA:31,10
DA:32,10
DA:33,10
DA:34,10
DA:35,10
DA:36,10
DA:37,10
DA:38,10
DA:39,10
DA:41,10
DA:42,10
DA:43,10
DA:44,10
DA:45,10
DA:46,10
DA:47,10
DA:49,42
DA:50,6
DA:51,6
DA:55,6
DA:56,6
DA:58,10
DA:59,10
BRDA:49,2048,1,6
BRDA:49,2048,0,10
FN:61,System.Void BusinessLayer.Implementations.QuestionManager/<InsertQuestionInternalAsync>d__2::MoveNext()
FNDA:10,System.Void BusinessLayer.Implementations.QuestionManager/<InsertQuestionInternalAsync>d__2::MoveNext()
DA:62,10
DA:63,10
DA:65,10
DA:67,10
DA:68,10
BRDA:63,79,0,0
BRDA:63,79,1,10
FN:70,System.Void BusinessLayer.Implementations.QuestionManager/<AssignQuestionInternalAsync>d__3::MoveNext()
FNDA:10,System.Void BusinessLayer.Implementations.QuestionManager/<AssignQuestionInternalAsync>d__3::MoveNext()
DA:71,10
DA:72,10
DA:73,10
DA:74,10
DA:75,10
DA:77,10
DA:79,10
DA:80,10
DA:81,10
DA:82,10
DA:83,10
DA:84,10
DA:86,10
DA:88,10
DA:89,10
BRDA:77,276,0,4
BRDA:77,276,1,6
BRDA:79,397,0,0
BRDA:79,397,1,10
LF:49
LH:49
BRF:8
BRH:6
FNF:7
FNH:7
end_of_record
SF:/Users/kemaltaskin/Projects/Quiz/BusinessLayer/Implementations/QuizAttemptManager.cs
FN:206,System.ValueTuple`3<System.Int32,System.Int32,System.Decimal> BusinessLayer.Implementations.QuizAttemptManager::EvaluateQuiz(System.Collections.Generic.List`1<Models.DbModels.Question>,System.Collections.Generic.List`1<BusinessLayer.Implementations.QuestionAnswer>)
FNDA:12,System.ValueTuple`3<System.Int32,System.Int32,System.Decimal> BusinessLayer.Implementations.QuizAttemptManager::EvaluateQuiz(System.Collections.Generic.List`1<Models.DbModels.Question>,System.Collections.Generic.List`1<BusinessLayer.Implementations.QuestionAnswer>)
DA:207,12
DA:208,26
DA:209,12
DA:210,12
DA:211,12
DA:213,64
DA:214,14
DA:215,192
DA:217,66
DA:218,66
DA:219,66
DA:221,14
DA:222,8
DA:223,8
DA:224,8
DA:225,8
DA:226,6
DA:227,2
DA:228,2
DA:229,2
DA:230,14
DA:232,12
DA:234,12
DA:235,12
BRDA:213,303,1,14
BRDA:221,231,0,8
BRDA:221,231,1,6
BRDA:221,245,0,8
BRDA:221,245,1,6
BRDA:226,273,0,6
BRDA:226,273,1,0
BRDA:226,287,0,2
BRDA:226,287,1,14
BRDA:213,303,0,12
BRDA:218,6,0,16
BRDA:218,6,1,36
BRDA:219,6,0,36
BRDA:219,6,1,16
FN:237,System.Decimal BusinessLayer.Implementations.QuizAttemptManager::RoundScore(System.Int32,System.Int32)
FNDA:18,System.Decimal BusinessLayer.Implementations.QuizAttemptManager::RoundScore(System.Int32,System.Int32)
DA:238,18
DA:239,18
DA:240,18
DA:241,2
DA:242,2
DA:243,2
DA:245,18
DA:246,18
BRDA:239,2,0,8
BRDA:239,2,1,10
BRDA:240,53,0,2
BRDA:240,53,1,18
FN:248,Models.DbModels.QuizAttemptStatus BusinessLayer.Implementations.QuizAttemptManager::EvaluateStatus(System.Decimal,System.Nullable`1<System.Int32>)
FNDA:18,Models.DbModels.QuizAttemptStatus BusinessLayer.Implementations.QuizAttemptManager::EvaluateStatus(System.Decimal,System.Nullable`1<System.Int32>)
DA:249,18
DA:250,18
DA:251,12
DA:252,12
DA:255,6
DA:256,18
BRDA:250,13,0,12
BRDA:250,13,1,6
BRDA:255,30,0,0
BRDA:255,30,1,6
BRDA:255,82,0,2
BRDA:255,82,1,4
FN:25,System.Void BusinessLayer.Implementations.QuizAttemptManager::.ctor(BusinessLayer.Context.QuizContext,BusinessLayer.Interfaces.IQuestionManager,Common.Interfaces.ILogManager)
FNDA:26,System.Void BusinessLayer.Implementations.QuizAttemptManager::.ctor(BusinessLayer.Context.QuizContext,BusinessLayer.Interfaces.IQuestionManager,Common.Interfaces.ILogManager)
DA:26,26
DA:27,26
DA:28,26
DA:29,26
FN:37,System.Void BusinessLayer.Implementations.QuizAttemptManager/<CreateAttempt>d__2::MoveNext()
FNDA:12,System.Void BusinessLayer.Implementations.QuizAttemptManager/<CreateAttempt>d__2::MoveNext()
DA:38,12
DA:39,12
DA:41,12
DA:42,2
DA:43,2
DA:44,2
DA:45,2
DA:46,2
DA:49,10
DA:50,2
DA:51,2
DA:52,2
DA:53,2
DA:54,2
DA:57,8
DA:58,8
DA:59,8
DA:60,8
DA:62,8
DA:63,2
DA:64,2
DA:65,2
DA:66,2
DA:67,2
DA:70,6
DA:72,6
DA:73,4
DA:74,4
DA:75,2
DA:76,2
DA:77,2
DA:78,2
DA:79,2
DA:82,10
DA:83,2
DA:84,2
DA:85,2
DA:86,2
DA:88,4
DA:90,4
DA:91,4
DA:92,4
DA:93,4
DA:94,4
DA:95,12
BRDA:39,150,0,0
BRDA:39,150,1,12
BRDA:41,275,0,2
BRDA:41,275,1,10
BRDA:49,322,0,2
BRDA:49,356,0,0
BRDA:49,356,1,2
BRDA:49,322,1,8
BRDA:49,382,0,2
BRDA:49,382,1,8
BRDA:62,1051,0,2
BRDA:62,1051,1,6
BRDA:72,1289,0,4
BRDA:74,1318,0,2
BRDA:74,1318,1,2
BRDA:82,1547,1,2
BRDA:82,1547,0,2
BRDA:72,1289,1,4
FN:104,System.Void BusinessLayer.Implementations.QuizAttemptManager/<UpdateStatus>d__3::MoveNext()
FNDA:12,System.Void BusinessLayer.Implementations.QuizAttemptManager/<UpdateStatus>d__3::MoveNext()
DA:105,12
DA:106,12
DA:108,12
DA:109,2
DA:110,2
DA:111,2
DA:112,2
DA:113,2
DA:116,10
DA:119,10
DA:120,2
DA:121,2
DA:123,2
DA:124,2
DA:125,2
DA:126,2
DA:127,2
DA:130,8
DA:131,2
DA:132,2
DA:134,2
DA:135,2
DA:136,2
DA:137,2
DA:138,2
DA:141,6
DA:142,2
DA:143,2
DA:144,2
DA:145,2
DA:146,2
DA:149,4
DA:150,2
DA:151,2
DA:153,2
DA:154,2
DA:155,2
DA:156,2
DA:157,2
DA:160,2
DA:162,2
DA:164,2
DA:165,2
DA:166,2
DA:167,2
DA:168,2
DA:169,12
BRDA:106,115,0,0
BRDA:106,115,1,12
BRDA:108,223,0,10
BRDA:108,223,1,2
BRDA:108,254,0,2
BRDA:108,254,1,10
BRDA:116,340,0,0
BRDA:116,340,1,10
BRDA:119,455,0,10
BRDA:119,455,1,0
BRDA:119,491,0,2
BRDA:119,491,1,8
BRDA:130,682,0,2
BRDA:130,711,0,0
BRDA:130,711,1,2
BRDA:130,682,1,6
BRDA:130,737,0,2
BRDA:130,737,1,6
BRDA:141,929,0,2
BRDA:141,929,1,4
BRDA:149,966,0,2
BRDA:149,966,1,2
FN:171,System.Void BusinessLayer.Implementations.QuizAttemptManager/<FinishQuizAsync>d__4::MoveNext()
FNDA:12,System.Void BusinessLayer.Implementations.QuizAttemptManager/<FinishQuizAsync>d__4::MoveNext()
DA:172,12
DA:173,12
DA:174,2
DA:175,2
DA:178,10
DA:180,10
DA:181,10
DA:182,10
DA:183,10
DA:184,10
DA:185,10
DA:186,10
DA:187,10
DA:188,10
DA:190,10
DA:192,10
DA:193,10
DA:194,10
DA:195,10
DA:196,10
DA:197,10
DA:199,10
DA:201,10
DA:203,10
DA:204,12
BRDA:173,81,0,2
BRDA:173,81,1,10
FN:258,System.Void BusinessLayer.Implementations.QuizAttemptManager/<InsertAttemptInternalAsync>d__8::MoveNext()
FNDA:4,System.Void BusinessLayer.Implementations.QuizAttemptManager/<InsertAttemptInternalAsync>d__8::MoveNext()
DA:259,4
DA:260,4
DA:261,4
DA:262,4
DA:263,4
DA:264,4
DA:265,4
DA:266,4
DA:267,4
DA:269,4
DA:271,4
DA:272,4
BRDA:260,135,0,0
BRDA:260,135,1,4
FN:276,System.Int32 BusinessLayer.Implementations.QuestionAnswer::get_QuestionId()
FNDA:230,System.Int32 BusinessLayer.Implementations.QuestionAnswer::get_QuestionId()
DA:277,230
FN:277,System.Boolean BusinessLayer.Implementations.QuestionAnswer::get_IsCorrect()
FNDA:208,System.Boolean BusinessLayer.Implementations.QuestionAnswer::get_IsCorrect()
DA:278,208
FN:278,System.Boolean BusinessLayer.Implementations.QuestionAnswer::get_IsMarked()
FNDA:104,System.Boolean BusinessLayer.Implementations.QuestionAnswer::get_IsMarked()
DA:279,104
LF:174
LH:174
BRF:68
BRH:59
FNF:11
FNH:11
end_of_record
SF:/Users/kemaltaskin/Projects/Quiz/BusinessLayer/Implementations/QuizManager.cs
FN:20,System.Void BusinessLayer.Implementations.QuizManager::.ctor(BusinessLayer.Context.QuizContext,Common.Interfaces.ILogManager)
FNDA:24,System.Void BusinessLayer.Implementations.QuizManager::.ctor(BusinessLayer.Context.QuizContext,Common.Interfaces.ILogManager)
DA:21,24
DA:22,24
DA:23,24
FN:49,System.Boolean BusinessLayer.Implementations.QuizManager/<>c__DisplayClass1_1::<GetUserQuizList>b__15(Models.DbModels.QuizAttempt)
FNDA:0,System.Boolean BusinessLayer.Implementations.QuizManager/<>c__DisplayClass1_1::<GetUserQuizList>b__15(Models.DbModels.QuizAttempt)
DA:50,0
FN:30,System.Void BusinessLayer.Implementations.QuizManager/<GetUserQuizList>d__1::MoveNext()
FNDA:0,System.Void BusinessLayer.Implementations.QuizManager/<GetUserQuizList>d__1::MoveNext()
DA:31,0
DA:34,0
DA:35,0
DA:36,0
DA:37,0
DA:39,0
DA:40,0
DA:41,0
DA:42,0
DA:43,0
DA:44,0
DA:45,0
DA:48,0
DA:49,0
DA:51,0
DA:53,0
DA:54,0
BRDA:48,2009,1,0
BRDA:48,2009,0,0
FN:56,System.Void BusinessLayer.Implementations.QuizManager/<InsertQuizInternalAsync>d__2::MoveNext()
FNDA:72,System.Void BusinessLayer.Implementations.QuizManager/<InsertQuizInternalAsync>d__2::MoveNext()
DA:57,72
DA:58,72
DA:59,72
DA:60,72
DA:61,72
DA:62,72
DA:64,72
DA:66,72
DA:67,72
DA:68,72
DA:70,72
DA:72,72
DA:74,72
DA:75,72
BRDA:58,114,0,0
BRDA:58,114,1,72
BRDA:70,443,0,0
BRDA:70,443,1,72
LF:35
LH:17
BRF:6
BRH:2
FNF:4
FNH:2
end_of_record
SF:/Users/kemaltaskin/Projects/Quiz/BusinessLayer/Implementations/UserManager.cs
FN:30,System.Void BusinessLayer.Implementations.UserManager::.ctor(BusinessLayer.Context.QuizContext,BusinessLayer.Interfaces.IAuthManager,Common.Interfaces.ILogManager,Common.Interfaces.IEmailManager)
FNDA:80,System.Void BusinessLayer.Implementations.UserManager::.ctor(BusinessLayer.Context.QuizContext,BusinessLayer.Interfaces.IAuthManager,Common.Interfaces.ILogManager,Common.Interfaces.IEmailManager)
DA:31,80
DA:32,80
DA:33,80
DA:34,80
DA:35,80
FN:42,System.Void BusinessLayer.Implementations.UserManager/<SendPasswordResetEmail>d__3::MoveNext()
FNDA:6,System.Void BusinessLayer.Implementations.UserManager/<SendPasswordResetEmail>d__3::MoveNext()
DA:43,6
DA:44,6
DA:46,6
DA:47,4
DA:48,4
DA:51,2
DA:53,2
DA:55,2
DA:57,2
DA:58,6
BRDA:46,345,0,4
BRDA:46,345,1,2
FN:66,System.Void BusinessLayer.Implementations.UserManager/<UpdatePassword>d__4::MoveNext()
FNDA:10,System.Void BusinessLayer.Implementations.UserManager/<UpdatePassword>d__4::MoveNext()
DA:67,10
DA:68,10
DA:69,10
DA:70,10
DA:71,10
DA:72,10
DA:73,10
DA:75,10
DA:76,4
DA:77,4
DA:80,6
DA:82,6
DA:83,2
DA:84,2
DA:86,2
DA:88,2
DA:90,2
DA:92,4
DA:94,4
DA:95,10
BRDA:68,101,0,10
BRDA:75,525,0,4
BRDA:75,525,1,6
BRDA:82,850,0,2
BRDA:82,850,1,4
BRDA:68,101,1,4
FN:103,System.Void BusinessLayer.Implementations.UserManager/<UpdatePassword>d__5::MoveNext()
FNDA:8,System.Void BusinessLayer.Implementations.UserManager/<UpdatePassword>d__5::MoveNext()
DA:104,8
DA:105,8
DA:106,2
DA:107,2
DA:110,6
DA:112,6
DA:113,2
DA:114,2
DA:117,4
DA:119,4
DA:121,4
DA:123,4
DA:124,8
BRDA:105,45,0,2
BRDA:105,45,1,6
BRDA:110,113,0,0
BRDA:110,113,1,6
BRDA:112,228,0,2
BRDA:112,228,1,4
FN:131,System.Void BusinessLayer.Implementations.UserManager/<DeleteUserAsync>d__6::MoveNext()
FNDA:4,System.Void BusinessLayer.Implementations.UserManager/<DeleteUserAsync>d__6::MoveNext()
DA:132,4
DA:133,4
DA:135,4
DA:136,2
DA:137,2
DA:140,2
DA:142,2
DA:144,2
DA:145,4
BRDA:133,83,0,0
BRDA:133,83,1,4
BRDA:135,198,0,2
BRDA:135,198,1,2
FN:152,System.Void BusinessLayer.Implementations.UserManager/<InsertUserAsync>d__7::MoveNext()
FNDA:6,System.Void BusinessLayer.Implementations.UserManager/<InsertUserAsync>d__7::MoveNext()
DA:153,6
DA:154,6
DA:156,6
DA:157,4
DA:158,4
DA:160,4
DA:161,2
DA:162,2
DA:165,2
DA:167,2
DA:169,2
DA:172,2
DA:173,6
BRDA:156,357,0,4
BRDA:160,510,0,2
BRDA:160,510,1,2
BRDA:156,357,1,2
FN:181,System.Void BusinessLayer.Implementations.UserManager/<UpdateUserAsync>d__8::MoveNext()
FNDA:4,System.Void BusinessLayer.Implementations.UserManager/<UpdateUserAsync>d__8::MoveNext()
DA:182,4
DA:183,4
DA:185,4
DA:186,2
DA:187,2
DA:190,2
DA:191,2
DA:192,2
DA:194,2
DA:196,2
DA:198,2
DA:199,4
BRDA:183,83,0,0
BRDA:183,83,1,4
BRDA:185,198,0,2
BRDA:185,198,1,2
FN:206,System.Void BusinessLayer.Implementations.UserManager/<SendAccountVerificationEmail>d__9::MoveNext()
FNDA:8,System.Void BusinessLayer.Implementations.UserManager/<SendAccountVerificationEmail>d__9::MoveNext()
DA:207,8
DA:208,8
DA:210,8
DA:211,4
DA:212,4
DA:215,4
DA:217,4
DA:219,4
DA:220,8
BRDA:210,345,0,4
BRDA:210,345,1,4
FN:227,System.Void BusinessLayer.Implementations.UserManager/<VerifyAccount>d__10::MoveNext()
FNDA:10,System.Void BusinessLayer.Implementations.UserManager/<VerifyAccount>d__10::MoveNext()
DA:228,10
DA:229,10
DA:230,10
DA:231,10
DA:232,10
DA:234,10
DA:235,6
DA:236,6
DA:239,4
DA:241,4
DA:242,2
DA:243,2
DA:246,2
DA:248,2
DA:250,2
DA:252,2
DA:254,2
DA:256,2
DA:257,10
BRDA:234,502,0,6
BRDA:234,502,1,4
BRDA:241,823,0,2
BRDA:241,823,1,2
FN:259,System.Void BusinessLayer.Implementations.UserManager/<InsertUserInternalAsync>d__11::MoveNext()
FNDA:120,System.Void BusinessLayer.Implementations.UserManager/<InsertUserInternalAsync>d__11::MoveNext()
DA:260,120
DA:261,120
DA:262,2
DA:263,2
DA:266,118
DA:268,118
DA:269,118
DA:270,118
DA:271,118
DA:272,118
DA:273,118
DA:274,118
DA:275,118
DA:276,118
DA:278,118
DA:280,118
DA:281,120
BRDA:261,50,0,2
BRDA:261,50,1,118
BRDA:268,233,0,0
BRDA:268,233,1,118
FN:283,System.Void BusinessLayer.Implementations.UserManager/<InsertOneTimeTokenAsync>d__12::MoveNext()
FNDA:6,System.Void BusinessLayer.Implementations.UserManager/<InsertOneTimeTokenAsync>d__12::MoveNext()
DA:284,6
DA:285,6
DA:287,6
DA:288,6
DA:289,6
DA:290,6
DA:291,6
DA:292,6
DA:293,6
DA:295,6
DA:297,6
DA:298,6
BRDA:287,166,0,0
BRDA:287,166,1,6
LF:139
LH:139
BRF:38
BRH:33
FNF:11
FNH:11
end_of_record
SF:/Users/kemaltaskin/Projects/Quiz/BusinessLayer/Context/QuizContext.cs
FN:23,System.Void BusinessLayer.Context.QuizContext::OnModelCreating(Microsoft.EntityFrameworkCore.ModelBuilder)
FNDA:2,System.Void BusinessLayer.Context.QuizContext::OnModelCreating(Microsoft.EntityFrameworkCore.ModelBuilder)
DA:24,2
DA:25,2
DA:26,2
DA:28,2
DA:29,2
DA:31,2
DA:32,2
DA:34,2
DA:35,2
DA:37,2
DA:38,2
DA:39,2
DA:40,2
DA:42,2
DA:43,2
DA:45,2
DA:46,2
DA:47,2
DA:48,2
DA:50,2
DA:51,2
DA:53,2
DA:54,2
DA:55,2
DA:56,2
DA:58,2
DA:59,2
DA:60,2
DA:61,2
DA:63,2
DA:64,2
DA:66,2
DA:67,2
DA:68,2
DA:69,2
DA:71,2
DA:72,2
DA:74,2
DA:75,2
DA:77,2
DA:78,2
DA:80,2
DA:81,2
DA:82,2
DA:83,2
DA:85,2
DA:86,2
DA:87,2
DA:88,2
DA:90,2
DA:91,2
DA:93,2
DA:94,2
DA:95,2
DA:96,2
DA:98,2
DA:99,2
DA:100,2
DA:101,2
DA:103,2
DA:104,2
DA:106,2
DA:107,2
DA:108,2
DA:109,2
DA:111,2
DA:112,2
DA:113,2
DA:114,2
DA:116,2
DA:117,2
DA:118,2
DA:119,2
DA:120,2
FN:124,Microsoft.EntityFrameworkCore.DbSet`1<Models.DbModels.User> BusinessLayer.Context.QuizContext::get_Users()
FNDA:416,Microsoft.EntityFrameworkCore.DbSet`1<Models.DbModels.User> BusinessLayer.Context.QuizContext::get_Users()
DA:125,416
FN:129,Microsoft.EntityFrameworkCore.DbSet`1<Models.DbModels.UserToken> BusinessLayer.Context.QuizContext::get_UserTokens()
FNDA:156,Microsoft.EntityFrameworkCore.DbSet`1<Models.DbModels.UserToken> BusinessLayer.Context.QuizContext::get_UserTokens()
DA:130,156
FN:134,Microsoft.EntityFrameworkCore.DbSet`1<Models.DbModels.OneTimeToken> BusinessLayer.Context.QuizContext::get_OneTimeTokens()
FNDA:174,Microsoft.EntityFrameworkCore.DbSet`1<Models.DbModels.OneTimeToken> BusinessLayer.Context.QuizContext::get_OneTimeTokens()
DA:135,174
FN:139,Microsoft.EntityFrameworkCore.DbSet`1<Models.DbModels.Quiz> BusinessLayer.Context.QuizContext::get_Quizes()
FNDA:214,Microsoft.EntityFrameworkCore.DbSet`1<Models.DbModels.Quiz> BusinessLayer.Context.QuizContext::get_Quizes()
DA:140,214
FN:144,Microsoft.EntityFrameworkCore.DbSet`1<Models.DbModels.QuizIdentity> BusinessLayer.Context.QuizContext::get_QuizIdentities()
FNDA:180,Microsoft.EntityFrameworkCore.DbSet`1<Models.DbModels.QuizIdentity> BusinessLayer.Context.QuizContext::get_QuizIdentities()
DA:145,180
FN:149,Microsoft.EntityFrameworkCore.DbSet`1<Models.DbModels.QuizAttempt> BusinessLayer.Context.QuizContext::get_QuizAttempts()
FNDA:160,Microsoft.EntityFrameworkCore.DbSet`1<Models.DbModels.QuizAttempt> BusinessLayer.Context.QuizContext::get_QuizAttempts()
DA:150,160
FN:154,Microsoft.EntityFrameworkCore.DbSet`1<Models.DbModels.QuizAssignment> BusinessLayer.Context.QuizContext::get_QuizAssignments()
FNDA:134,Microsoft.EntityFrameworkCore.DbSet`1<Models.DbModels.QuizAssignment> BusinessLayer.Context.QuizContext::get_QuizAssignments()
DA:155,134
FN:159,Microsoft.EntityFrameworkCore.DbSet`1<Models.DbModels.Question> BusinessLayer.Context.QuizContext::get_Questions()
FNDA:138,Microsoft.EntityFrameworkCore.DbSet`1<Models.DbModels.Question> BusinessLayer.Context.QuizContext::get_Questions()
DA:160,138
FN:164,Microsoft.EntityFrameworkCore.DbSet`1<Models.DbModels.Option> BusinessLayer.Context.QuizContext::get_Options()
FNDA:178,Microsoft.EntityFrameworkCore.DbSet`1<Models.DbModels.Option> BusinessLayer.Context.QuizContext::get_Options()
DA:165,178
FN:169,Microsoft.EntityFrameworkCore.DbSet`1<Models.DbModels.QuestionOption> BusinessLayer.Context.QuizContext::get_QuestionOptions()
FNDA:224,Microsoft.EntityFrameworkCore.DbSet`1<Models.DbModels.QuestionOption> BusinessLayer.Context.QuizContext::get_QuestionOptions()
DA:170,224
FN:174,Microsoft.EntityFrameworkCore.DbSet`1<Models.DbModels.QuizQuestion> BusinessLayer.Context.QuizContext::get_QuizQuestions()
FNDA:162,Microsoft.EntityFrameworkCore.DbSet`1<Models.DbModels.QuizQuestion> BusinessLayer.Context.QuizContext::get_QuizQuestions()
DA:175,162
FN:179,Microsoft.EntityFrameworkCore.DbSet`1<Models.DbModels.Answer> BusinessLayer.Context.QuizContext::get_Answers()
FNDA:118,Microsoft.EntityFrameworkCore.DbSet`1<Models.DbModels.Answer> BusinessLayer.Context.QuizContext::get_Answers()
DA:180,118
FN:14,System.Void BusinessLayer.Context.QuizContext::.ctor(Microsoft.EntityFrameworkCore.DbContextOptions`1<BusinessLayer.Context.QuizContext>)
FNDA:108,System.Void BusinessLayer.Context.QuizContext::.ctor(Microsoft.EntityFrameworkCore.DbContextOptions`1<BusinessLayer.Context.QuizContext>)
DA:15,108
DA:16,108
DA:17,108
LF:89
LH:89
BRF:0
BRH:0
FNF:14
FNH:14
end_of_record
SF:/Users/kemaltaskin/Projects/Quiz/WebCommon/StartupHelper.cs
FN:22,System.Void WebCommon.StartupHelper::InjectDependencies(Microsoft.Extensions.DependencyInjection.IServiceCollection)
FNDA:1,System.Void WebCommon.StartupHelper::InjectDependencies(Microsoft.Extensions.DependencyInjection.IServiceCollection)
DA:23,1
DA:24,1
DA:25,1
DA:26,1
DA:28,1
DA:29,1
DA:30,1
DA:31,1
DA:32,1
DA:33,1
DA:34,1
DA:35,1
FN:42,System.Void WebCommon.StartupHelper::ConfigureAppSettings(Microsoft.Extensions.DependencyInjection.IServiceCollection,Microsoft.Extensions.Configuration.IConfiguration)
FNDA:1,System.Void WebCommon.StartupHelper::ConfigureAppSettings(Microsoft.Extensions.DependencyInjection.IServiceCollection,Microsoft.Extensions.Configuration.IConfiguration)
DA:43,1
DA:44,1
DA:45,1
FN:51,System.Void WebCommon.StartupHelper::SetNewtonsoftSerializerSettings(Newtonsoft.Json.JsonSerializerSettings)
FNDA:1,System.Void WebCommon.StartupHelper::SetNewtonsoftSerializerSettings(Newtonsoft.Json.JsonSerializerSettings)
DA:52,1
DA:53,1
DA:54,1
DA:55,1
DA:56,1
DA:57,1
DA:58,1
LF:22
LH:22
BRF:0
BRH:0
FNF:3
FNH:3
end_of_record
SF:/Users/kemaltaskin/Projects/Quiz/WebCommon/Properties/Resources.Designer.cs
FN:39,System.Resources.ResourceManager WebCommon.Properties.Resources::get_ResourceManager()
FNDA:0,System.Resources.ResourceManager WebCommon.Properties.Resources::get_ResourceManager()
DA:40,0
DA:41,0
DA:42,0
DA:43,0
DA:44,0
DA:45,0
DA:46,0
BRDA:41,11,0,0
BRDA:41,11,1,0
FN:54,System.Globalization.CultureInfo WebCommon.Properties.Resources::get_Culture()
FNDA:0,System.Globalization.CultureInfo WebCommon.Properties.Resources::get_Culture()
DA:55,0
DA:56,0
DA:57,0
FN:57,System.Void WebCommon.Properties.Resources::set_Culture(System.Globalization.CultureInfo)
FNDA:0,System.Void WebCommon.Properties.Resources::set_Culture(System.Globalization.CultureInfo)
DA:58,0
DA:59,0
DA:60,0
FN:66,System.String WebCommon.Properties.Resources::get_errAccountNotVerified()
FNDA:0,System.String WebCommon.Properties.Resources::get_errAccountNotVerified()
DA:67,0
DA:68,0
DA:69,0
FN:75,System.String WebCommon.Properties.Resources::get_errGeneral()
FNDA:0,System.String WebCommon.Properties.Resources::get_errGeneral()
DA:76,0
DA:77,0
DA:78,0
FN:84,System.String WebCommon.Properties.Resources::get_errInvalidController()
FNDA:0,System.String WebCommon.Properties.Resources::get_errInvalidController()
DA:85,0
DA:86,0
DA:87,0
FN:93,System.String WebCommon.Properties.Resources::get_errInvalidToken()
FNDA:0,System.String WebCommon.Properties.Resources::get_errInvalidToken()
DA:94,0
DA:95,0
DA:96,0
FN:102,System.String WebCommon.Properties.Resources::get_errItemNotFound()
FNDA:0,System.String WebCommon.Properties.Resources::get_errItemNotFound()
DA:103,0
DA:104,0
DA:105,0
FN:111,System.String WebCommon.Properties.Resources::get_errMethodNotImplemented()
FNDA:0,System.String WebCommon.Properties.Resources::get_errMethodNotImplemented()
DA:112,0
DA:113,0
DA:114,0
FN:31,System.Void WebCommon.Properties.Resources::.ctor()
FNDA:0,System.Void WebCommon.Properties.Resources::.ctor()
DA:32,0
DA:33,0
LF:33
LH:0
BRF:2
BRH:0
FNF:10
FNH:0
end_of_record
SF:/Users/kemaltaskin/Projects/Quiz/WebCommon/BaseControllers/BaseController.cs
FN:16,Models.TransferObjects.AuthToken WebCommon.BaseControllers.BaseController::get_Token()
FNDA:10,Models.TransferObjects.AuthToken WebCommon.BaseControllers.BaseController::get_Token()
DA:17,10
LF:1
LH:1
BRF:0
BRH:0
FNF:1
FNH:1
end_of_record
SF:/Users/kemaltaskin/Projects/Quiz/WebCommon/BaseControllers/ControllerHelper.cs
FN:20,Microsoft.AspNetCore.Mvc.JsonResult WebCommon.BaseControllers.ControllerHelper::CreateResponse(T)
FNDA:9,Microsoft.AspNetCore.Mvc.JsonResult WebCommon.BaseControllers.ControllerHelper::CreateResponse(T)
DA:21,9
DA:22,9
DA:23,9
DA:24,9
DA:25,9
DA:26,9
DA:27,9
DA:28,9
DA:29,9
DA:30,9
DA:31,9
BRDA:22,16,0,1
BRDA:22,16,1,8
FN:39,Microsoft.AspNetCore.Mvc.JsonResult WebCommon.BaseControllers.ControllerHelper::CreateErrorResponse(System.Net.HttpStatusCode,System.String)
FNDA:2,Microsoft.AspNetCore.Mvc.JsonResult WebCommon.BaseControllers.ControllerHelper::CreateErrorResponse(System.Net.HttpStatusCode,System.String)
DA:40,2
DA:41,2
DA:42,2
DA:43,2
DA:44,2
DA:45,2
FN:47,System.Boolean WebCommon.BaseControllers.ControllerHelper::IsSimpleType(System.Type)
FNDA:25,System.Boolean WebCommon.BaseControllers.ControllerHelper::IsSimpleType(System.Type)
DA:48,25
DA:49,25
DA:50,1
DA:51,1
DA:54,24
DA:55,5
DA:56,5
DA:59,19
DA:60,19
DA:61,19
DA:62,19
DA:63,19
DA:64,19
DA:65,19
DA:66,19
DA:67,19
DA:68,19
DA:69,14
DA:70,14
DA:73,5
DA:74,5
DA:75,1
DA:76,1
DA:79,4
DA:80,25
BRDA:49,15,0,1
BRDA:49,15,1,24
BRDA:54,31,0,20
BRDA:54,31,1,4
BRDA:54,44,0,5
BRDA:54,44,1,19
BRDA:59,159,0,14
BRDA:59,159,1,5
BRDA:73,172,0,3
BRDA:73,195,0,1
BRDA:73,172,1,4
BRDA:73,195,1,4
BRDA:73,217,0,1
BRDA:73,217,1,4
LF:42
LH:42
BRF:16
BRH:16
FNF:3
FNH:3
end_of_record
SF:/Users/kemaltaskin/Projects/Quiz/WebCommon/Attributes/ExceptionHandler.cs
FN:38,System.Threading.Tasks.Task WebCommon.Attributes.ExceptionHandlerAttribute::OnExceptionAsync(Microsoft.AspNetCore.Mvc.Filters.ExceptionContext)
FNDA:1,System.Threading.Tasks.Task WebCommon.Attributes.ExceptionHandlerAttribute::OnExceptionAsync(Microsoft.AspNetCore.Mvc.Filters.ExceptionContext)
DA:39,1
DA:40,1
DA:42,1
DA:44,1
DA:45,1
DA:47,1
DA:48,1
FN:50,System.ValueTuple`2<System.Net.HttpStatusCode,System.String> WebCommon.Attributes.ExceptionHandlerAttribute::ProcessException(System.Exception)
FNDA:3,System.ValueTuple`2<System.Net.HttpStatusCode,System.String> WebCommon.Attributes.ExceptionHandlerAttribute::ProcessException(System.Exception)
DA:51,3
DA:52,3
DA:57,3
DA:58,1
DA:59,1
DA:60,1
DA:61,1
DA:63,2
DA:64,2
DA:65,2
DA:66,2
DA:68,3
DA:69,3
BRDA:57,31,0,1
BRDA:57,31,1,2
FN:26,System.Void WebCommon.Attributes.ExceptionHandlerAttribute::.ctor(BusinessLayer.Interfaces.IContextManager,Common.Interfaces.ILogManager)
FNDA:3,System.Void WebCommon.Attributes.ExceptionHandlerAttribute::.ctor(BusinessLayer.Interfaces.IContextManager,Common.Interfaces.ILogManager)
DA:27,3
DA:28,3
DA:29,3
DA:30,3
DA:31,3
LF:25
LH:25
BRF:2
BRH:2
FNF:3
FNH:3
end_of_record
SF:/Users/kemaltaskin/Projects/Quiz/WebCommon/Attributes/ExecutionFilter.cs
FN:44,System.Void WebCommon.Attributes.ExecutionFilterAttribute::OnActionExecuting(Microsoft.AspNetCore.Mvc.Filters.ActionExecutingContext)
FNDA:2,System.Void WebCommon.Attributes.ExecutionFilterAttribute::OnActionExecuting(Microsoft.AspNetCore.Mvc.Filters.ActionExecutingContext)
DA:45,2
DA:46,2
DA:47,2
DA:49,2
DA:51,2
DA:53,2
DA:54,1
DA:55,1
DA:56,1
DA:58,1
DA:59,1
DA:60,1
DA:61,2
BRDA:53,107,0,1
BRDA:53,107,1,1
FN:105,System.Void WebCommon.Attributes.ExecutionFilterAttribute::RetrieveParameters(Microsoft.AspNetCore.Http.IHeaderDictionary,System.String&)
FNDA:7,System.Void WebCommon.Attributes.ExecutionFilterAttribute::RetrieveParameters(Microsoft.AspNetCore.Http.IHeaderDictionary,System.String&)
DA:106,7
DA:107,7
DA:108,7
DA:109,3
DA:110,3
DA:111,3
DA:113,4
DA:114,4
DA:115,4
DA:116,7
BRDA:108,26,0,5
BRDA:108,26,1,2
BRDA:108,46,0,3
BRDA:108,46,1,4
FN:118,System.String WebCommon.Attributes.ExecutionFilterAttribute::GetHeader(Microsoft.AspNetCore.Http.IHeaderDictionary,System.String,System.String)
FNDA:7,System.String WebCommon.Attributes.ExecutionFilterAttribute::GetHeader(Microsoft.AspNetCore.Http.IHeaderDictionary,System.String,System.String)
DA:119,7
DA:120,7
DA:121,7
BRDA:120,8,0,1
BRDA:120,8,1,6
FN:123,System.Void WebCommon.Attributes.ExecutionFilterAttribute::SetCulture(System.Threading.Thread)
FNDA:3,System.Void WebCommon.Attributes.ExecutionFilterAttribute::SetCulture(System.Threading.Thread)
DA:124,3
DA:125,3
DA:126,3
DA:127,3
FN:129,System.Boolean WebCommon.Attributes.ExecutionFilterAttribute::ProceedWithExecution(System.Boolean,System.Boolean,System.Boolean)
FNDA:6,System.Boolean WebCommon.Attributes.ExecutionFilterAttribute::ProceedWithExecution(System.Boolean,System.Boolean,System.Boolean)
DA:130,6
DA:131,6
DA:132,6
BRDA:131,2,0,4
BRDA:131,2,1,2
FN:134,System.Boolean WebCommon.Attributes.ExecutionFilterAttribute::HasAuthenticateAttribute(Microsoft.AspNetCore.Mvc.Controllers.ControllerActionDescriptor)
FNDA:6,System.Boolean WebCommon.Attributes.ExecutionFilterAttribute::HasAuthenticateAttribute(Microsoft.AspNetCore.Mvc.Controllers.ControllerActionDescriptor)
DA:135,6
DA:136,7
DA:137,6
BRDA:136,2,0,1
BRDA:136,2,1,5
BRDA:136,22,0,3
BRDA:136,22,1,2
FN:32,System.Void WebCommon.Attributes.ExecutionFilterAttribute::.ctor(BusinessLayer.Interfaces.IAuthManager,BusinessLayer.Interfaces.IContextManager,System.Boolean)
FNDA:7,System.Void WebCommon.Attributes.ExecutionFilterAttribute::.ctor(BusinessLayer.Interfaces.IAuthManager,BusinessLayer.Interfaces.IContextManager,System.Boolean)
DA:33,7
DA:34,7
DA:35,7
DA:36,7
DA:37,7
DA:38,7
FN:63,System.Void WebCommon.Attributes.ExecutionFilterAttribute/<ValidateRequest>d__5::MoveNext()
FNDA:7,System.Void WebCommon.Attributes.ExecutionFilterAttribute/<ValidateRequest>d__5::MoveNext()
DA:64,7
DA:67,7
DA:68,6
DA:69,6
DA:70,5
DA:71,5
DA:72,5
DA:73,3
DA:74,3
DA:75,2
DA:76,2
DA:77,2
DA:79,1
DA:80,1
DA:81,1
DA:83,2
DA:85,2
DA:86,2
DA:87,2
DA:89,2
DA:91,1
DA:92,1
DA:93,1
DA:95,2
DA:97,1
DA:98,1
DA:99,1
DA:102,2
DA:103,7
BRDA:67,26,0,6
BRDA:69,43,0,5
BRDA:72,202,0,3
BRDA:74,220,0,2
BRDA:74,220,1,1
BRDA:72,202,1,2
BRDA:69,43,1,1
BRDA:67,26,1,1
LF:71
LH:71
BRF:22
BRH:22
FNF:8
FNH:8
end_of_record