<?xml version="1.0" encoding="utf-8"?>
<CoverageSession>
  <Summary numSequencePoints="846" visitedSequencePoints="670" numBranchPoints="172" visitedBranchPoints="134" sequenceCoverage="79.19" branchCoverage="77.9" maxCyclomaticComplexity="181" minCyclomaticComplexity="44" visitedClasses="53" numClasses="75" visitedMethods="108" numMethods="195" />
  <Modules>
    <Module hash="27A0B398-EF5A-43D3-8165-4723106AAD0E">
      <ModulePath>Common.dll</ModulePath>
      <ModuleTime>2020-10-02T08:01:47</ModuleTime>
      <ModuleName>Common</ModuleName>
      <Files>
        <File uid="1" fullPath="/Users/kemaltaskin/Projects/Quiz/Common/AppSettings.cs" />
        <File uid="2" fullPath="/Users/kemaltaskin/Projects/Quiz/Common/AuthenticationHelper.cs" />
        <File uid="3" fullPath="/Users/kemaltaskin/Projects/Quiz/Common/Convertor.cs" />
        <File uid="4" fullPath="/Users/kemaltaskin/Projects/Quiz/Common/EmailSettings.cs" />
        <File uid="5" fullPath="/Users/kemaltaskin/Projects/Quiz/Common/GenericWrapper.cs" />
        <File uid="6" fullPath="/Users/kemaltaskin/Projects/Quiz/Common/HttpErrorMessage.cs" />
        <File uid="7" fullPath="/Users/kemaltaskin/Projects/Quiz/Common/LogParameters.cs" />
        <File uid="8" fullPath="/Users/kemaltaskin/Projects/Quiz/Common/Implementations/EmailManager.cs" />
        <File uid="9" fullPath="/Users/kemaltaskin/Projects/Quiz/Common/Implementations/LogAdapter.cs" />
        <File uid="10" fullPath="/Users/kemaltaskin/Projects/Quiz/Common/Implementations/LogManager.cs" />
      </Files>
      <Classes>
        <Class>
          <Summary numSequencePoints="3" visitedSequencePoints="0" numBranchPoints="0" visitedBranchPoints="0" sequenceCoverage="0" branchCoverage="100" maxCyclomaticComplexity="1" minCyclomaticComplexity="1" visitedClasses="0" numClasses="1" visitedMethods="0" numMethods="3" />
          <FullName>Common.AppSettings</FullName>
          <Methods>
            <Method cyclomaticComplexity="1" nPathComplexity="0" sequenceCoverage="0" branchCoverage="100" isConstructor="False" isGetter="True" isSetter="False" isStatic="True">
              <Summary numSequencePoints="1" visitedSequencePoints="0" numBranchPoints="0" visitedBranchPoints="0" sequenceCoverage="0" branchCoverage="100" maxCyclomaticComplexity="1" minCyclomaticComplexity="1" visitedClasses="0" numClasses="0" visitedMethods="0" numMethods="1" />
              <MetadataToken />
              <Name>System.String Common.AppSettings::get_ConnectionString()</Name>
              <FileRef uid="1" />
              <SequencePoints>
                <SequencePoint vc="0" uspid="11" ordinal="0" sl="11" sc="1" el="11" ec="2" bec="0" bev="0" fileid="1" />
              </SequencePoints>
              <BranchPoints />
              <MethodPoint vc="0" uspid="0" p8:type="SequencePoint" ordinal="0" offset="0" sc="0" sl="11" ec="1" el="11" bec="0" bev="0" fileid="1" xmlns:p8="xsi" />
            </Method>
            <Method cyclomaticComplexity="1" nPathComplexity="0" sequenceCoverage="0" branchCoverage="100" isConstructor="False" isGetter="True" isSetter="False" isStatic="True">
              <Summary numSequencePoints="1" visitedSequencePoints="0" numBranchPoints="0" visitedBranchPoints="0" sequenceCoverage="0" branchCoverage="100" maxCyclomaticComplexity="1" minCyclomaticComplexity="1" visitedClasses="0" numClasses="0" visitedMethods="0" numMethods="1" />
              <MetadataToken />
              <Name>System.String Common.AppSettings::get_ApiKey()</Name>
              <FileRef uid="1" />
              <SequencePoints>
                <SequencePoint vc="0" uspid="16" ordinal="0" sl="16" sc="1" el="16" ec="2" bec="0" bev="0" fileid="1" />
              </SequencePoints>
              <BranchPoints />
              <MethodPoint vc="0" uspid="0" p8:type="SequencePoint" ordinal="1" offset="1" sc="0" sl="16" ec="1" el="16" bec="0" bev="0" fileid="1" xmlns:p8="xsi" />
            </Method>
            <Method cyclomaticComplexity="1" nPathComplexity="0" sequenceCoverage="0" branchCoverage="100" isConstructor="False" isGetter="True" isSetter="False" isStatic="True">
              <Summary numSequencePoints="1" visitedSequencePoints="0" numBranchPoints="0" visitedBranchPoints="0" sequenceCoverage="0" branchCoverage="100" maxCyclomaticComplexity="1" minCyclomaticComplexity="1" visitedClasses="0" numClasses="0" visitedMethods="0" numMethods="1" />
              <MetadataToken />
              <Name>Common.EmailSettings Common.AppSettings::get_Email()</Name>
              <FileRef uid="1" />
              <SequencePoints>
                <SequencePoint vc="0" uspid="21" ordinal="0" sl="21" sc="1" el="21" ec="2" bec="0" bev="0" fileid="1" />
              </SequencePoints>
              <BranchPoints />
              <MethodPoint vc="0" uspid="0" p8:type="SequencePoint" ordinal="2" offset="2" sc="0" sl="21" ec="1" el="21" bec="0" bev="0" fileid="1" xmlns:p8="xsi" />
            </Method>
          </Methods>
        </Class>
        <Class>
          <Summary numSequencePoints="31" visitedSequencePoints="29" numBranchPoints="12" visitedBranchPoints="9" sequenceCoverage="93.54" branchCoverage="75" maxCyclomaticComplexity="10" minCyclomaticComplexity="1" visitedClasses="1" numClasses="1" visitedMethods="5" numMethods="5" />
          <FullName>Common.AuthenticationHelper</FullName>
          <Methods>
            <Method cyclomaticComplexity="1" nPathComplexity="0" sequenceCoverage="100" branchCoverage="100" isConstructor="False" isGetter="False" isSetter="False" isStatic="True">
              <Summary numSequencePoints="7" visitedSequencePoints="7" numBranchPoints="0" visitedBranchPoints="0" sequenceCoverage="100" branchCoverage="100" maxCyclomaticComplexity="1" minCyclomaticComplexity="1" visitedClasses="0" numClasses="0" visitedMethods="1" numMethods="1" />
              <MetadataToken />
              <Name>System.Byte[] Common.AuthenticationHelper::EncryptPassword(System.String)</Name>
              <FileRef uid="2" />
              <SequencePoints>
                <SequencePoint vc="116" uspid="22" ordinal="0" sl="22" sc="1" el="22" ec="2" bec="0" bev="0" fileid="2" />
                <SequencePoint vc="116" uspid="25" ordinal="1" sl="25" sc="1" el="25" ec="2" bec="0" bev="0" fileid="2" />
                <SequencePoint vc="116" uspid="26" ordinal="2" sl="26" sc="1" el="26" ec="2" bec="0" bev="0" fileid="2" />
                <SequencePoint vc="116" uspid="27" ordinal="3" sl="27" sc="1" el="27" ec="2" bec="0" bev="0" fileid="2" />
                <SequencePoint vc="116" uspid="28" ordinal="4" sl="28" sc="1" el="28" ec="2" bec="0" bev="0" fileid="2" />
                <SequencePoint vc="116" uspid="30" ordinal="5" sl="30" sc="1" el="30" ec="2" bec="0" bev="0" fileid="2" />
                <SequencePoint vc="116" uspid="31" ordinal="6" sl="31" sc="1" el="31" ec="2" bec="0" bev="0" fileid="2" />
              </SequencePoints>
              <BranchPoints />
              <MethodPoint vc="7" uspid="0" p8:type="SequencePoint" ordinal="0" offset="0" sc="0" sl="22" ec="1" el="31" bec="0" bev="0" fileid="2" xmlns:p8="xsi" />
            </Method>
            <Method cyclomaticComplexity="1" nPathComplexity="0" sequenceCoverage="100" branchCoverage="100" isConstructor="False" isGetter="False" isSetter="False" isStatic="True">
              <Summary numSequencePoints="3" visitedSequencePoints="3" numBranchPoints="0" visitedBranchPoints="0" sequenceCoverage="100" branchCoverage="100" maxCyclomaticComplexity="1" minCyclomaticComplexity="1" visitedClasses="0" numClasses="0" visitedMethods="1" numMethods="1" />
              <MetadataToken />
              <Name>System.String Common.AuthenticationHelper::GenerateToken(System.Int32)</Name>
              <FileRef uid="2" />
              <SequencePoints>
                <SequencePoint vc="3" uspid="39" ordinal="0" sl="39" sc="1" el="39" ec="2" bec="0" bev="0" fileid="2" />
                <SequencePoint vc="3" uspid="40" ordinal="1" sl="40" sc="1" el="40" ec="2" bec="0" bev="0" fileid="2" />
                <SequencePoint vc="3" uspid="41" ordinal="2" sl="41" sc="1" el="41" ec="2" bec="0" bev="0" fileid="2" />
              </SequencePoints>
              <BranchPoints />
              <MethodPoint vc="3" uspid="0" p8:type="SequencePoint" ordinal="1" offset="1" sc="0" sl="39" ec="1" el="41" bec="0" bev="0" fileid="2" xmlns:p8="xsi" />
            </Method>
            <Method cyclomaticComplexity="2" nPathComplexity="0" sequenceCoverage="100" branchCoverage="100" isConstructor="False" isGetter="False" isSetter="False" isStatic="True">
              <Summary numSequencePoints="6" visitedSequencePoints="6" numBranchPoints="2" visitedBranchPoints="2" sequenceCoverage="100" branchCoverage="100" maxCyclomaticComplexity="2" minCyclomaticComplexity="2" visitedClasses="0" numClasses="0" visitedMethods="1" numMethods="1" />
              <MetadataToken />
              <Name>System.String Common.AuthenticationHelper::GenerateRandomString(System.Int32)</Name>
              <FileRef uid="2" />
              <SequencePoints>
                <SequencePoint vc="6" uspid="49" ordinal="0" sl="49" sc="1" el="49" ec="2" bec="0" bev="0" fileid="2" />
                <SequencePoint vc="6" uspid="50" ordinal="1" sl="50" sc="1" el="50" ec="2" bec="0" bev="0" fileid="2" />
                <SequencePoint vc="1932" uspid="51" ordinal="2" sl="51" sc="1" el="51" ec="2" bec="2" bev="2" fileid="2" />
                <SequencePoint vc="960" uspid="52" ordinal="3" sl="52" sc="1" el="52" ec="2" bec="0" bev="0" fileid="2" />
                <SequencePoint vc="6" uspid="54" ordinal="4" sl="54" sc="1" el="54" ec="2" bec="0" bev="0" fileid="2" />
                <SequencePoint vc="6" uspid="55" ordinal="5" sl="55" sc="1" el="55" ec="2" bec="0" bev="0" fileid="2" />
              </SequencePoints>
              <BranchPoints>
                <BranchPoint vc="960" uspid="51" ordinal="1" path="1" offset="58" offsetend="11" sl="51" fileid="2" />
                <BranchPoint vc="6" uspid="51" ordinal="0" path="0" offset="58" offsetend="60" sl="51" fileid="2" />
              </BranchPoints>
              <MethodPoint vc="6" uspid="0" p8:type="SequencePoint" ordinal="2" offset="2" sc="0" sl="49" ec="1" el="55" bec="0" bev="0" fileid="2" xmlns:p8="xsi" />
            </Method>
            <Method cyclomaticComplexity="10" nPathComplexity="0" sequenceCoverage="85.71" branchCoverage="70" isConstructor="False" isGetter="False" isSetter="False" isStatic="True">
              <Summary numSequencePoints="14" visitedSequencePoints="12" numBranchPoints="10" visitedBranchPoints="7" sequenceCoverage="85.71" branchCoverage="70" maxCyclomaticComplexity="10" minCyclomaticComplexity="10" visitedClasses="0" numClasses="0" visitedMethods="1" numMethods="1" />
              <MetadataToken />
              <Name>System.Boolean Common.AuthenticationHelper::CompareByteArrays(System.Byte[],System.Byte[])</Name>
              <FileRef uid="2" />
              <SequencePoints>
                <SequencePoint vc="8" uspid="64" ordinal="0" sl="64" sc="1" el="64" ec="2" bec="0" bev="0" fileid="2" />
                <SequencePoint vc="8" uspid="65" ordinal="1" sl="65" sc="1" el="65" ec="2" bec="6" bev="3" fileid="2" />
                <SequencePoint vc="0" uspid="66" ordinal="2" sl="66" sc="1" el="66" ec="2" bec="0" bev="0" fileid="2" />
                <SequencePoint vc="0" uspid="67" ordinal="3" sl="67" sc="1" el="67" ec="2" bec="0" bev="0" fileid="2" />
                <SequencePoint vc="8" uspid="70" ordinal="4" sl="70" sc="1" el="70" ec="2" bec="0" bev="0" fileid="2" />
                <SequencePoint vc="912" uspid="72" ordinal="5" sl="72" sc="1" el="72" ec="2" bec="2" bev="2" fileid="2" />
                <SequencePoint vc="449" uspid="73" ordinal="6" sl="73" sc="1" el="73" ec="2" bec="0" bev="0" fileid="2" />
                <SequencePoint vc="449" uspid="74" ordinal="7" sl="74" sc="1" el="74" ec="2" bec="0" bev="0" fileid="2" />
                <SequencePoint vc="449" uspid="76" ordinal="8" sl="76" sc="1" el="76" ec="2" bec="2" bev="2" fileid="2" />
                <SequencePoint vc="1" uspid="77" ordinal="9" sl="77" sc="1" el="77" ec="2" bec="0" bev="0" fileid="2" />
                <SequencePoint vc="1" uspid="78" ordinal="10" sl="78" sc="1" el="78" ec="2" bec="0" bev="0" fileid="2" />
                <SequencePoint vc="448" uspid="80" ordinal="11" sl="80" sc="1" el="80" ec="2" bec="0" bev="0" fileid="2" />
                <SequencePoint vc="8" uspid="82" ordinal="12" sl="82" sc="1" el="82" ec="2" bec="0" bev="0" fileid="2" />
                <SequencePoint vc="8" uspid="83" ordinal="13" sl="83" sc="1" el="83" ec="2" bec="0" bev="0" fileid="2" />
              </SequencePoints>
              <BranchPoints>
                <BranchPoint vc="8" uspid="65" ordinal="0" path="0" offset="2" offsetend="4" sl="65" fileid="2" />
                <BranchPoint vc="8" uspid="65" ordinal="2" path="0" offset="5" offsetend="7" sl="65" fileid="2" />
                <BranchPoint vc="0" uspid="65" ordinal="1" path="1" offset="2" offsetend="20" sl="65" fileid="2" />
                <BranchPoint vc="0" uspid="65" ordinal="3" path="1" offset="5" offsetend="20" sl="65" fileid="2" />
                <BranchPoint vc="0" uspid="65" ordinal="4" path="0" offset="23" offsetend="25" sl="65" fileid="2" />
                <BranchPoint vc="8" uspid="65" ordinal="5" path="1" offset="23" offsetend="30" sl="65" fileid="2" />
                <BranchPoint vc="449" uspid="72" ordinal="9" path="1" offset="74" offsetend="36" sl="72" fileid="2" />
                <BranchPoint vc="1" uspid="76" ordinal="6" path="0" offset="54" offsetend="56" sl="76" fileid="2" />
                <BranchPoint vc="448" uspid="76" ordinal="7" path="1" offset="54" offsetend="59" sl="76" fileid="2" />
                <BranchPoint vc="8" uspid="72" ordinal="8" path="0" offset="74" offsetend="76" sl="72" fileid="2" />
              </BranchPoints>
              <MethodPoint vc="12" uspid="0" p8:type="SequencePoint" ordinal="3" offset="3" sc="0" sl="64" ec="1" el="83" bec="0" bev="0" fileid="2" xmlns:p8="xsi" />
            </Method>
            <Method cyclomaticComplexity="1" nPathComplexity="0" sequenceCoverage="100" branchCoverage="100" isConstructor="True" isGetter="False" isSetter="False" isStatic="True">
              <Summary numSequencePoints="1" visitedSequencePoints="1" numBranchPoints="0" visitedBranchPoints="0" sequenceCoverage="100" branchCoverage="100" maxCyclomaticComplexity="1" minCyclomaticComplexity="1" visitedClasses="0" numClasses="0" visitedMethods="1" numMethods="1" />
              <MetadataToken />
              <Name>System.Void Common.AuthenticationHelper::.cctor()</Name>
              <FileRef uid="2" />
              <SequencePoints>
                <SequencePoint vc="1" uspid="14" ordinal="0" sl="14" sc="1" el="14" ec="2" bec="0" bev="0" fileid="2" />
              </SequencePoints>
              <BranchPoints />
              <MethodPoint vc="1" uspid="0" p8:type="SequencePoint" ordinal="4" offset="4" sc="0" sl="14" ec="1" el="14" bec="0" bev="0" fileid="2" xmlns:p8="xsi" />
            </Method>
          </Methods>
        </Class>
        <Class>
          <Summary numSequencePoints="3" visitedSequencePoints="0" numBranchPoints="4" visitedBranchPoints="0" sequenceCoverage="0" branchCoverage="0" maxCyclomaticComplexity="4" minCyclomaticComplexity="4" visitedClasses="0" numClasses="1" visitedMethods="0" numMethods="1" />
          <FullName>Common.Convertor</FullName>
          <Methods>
            <Method cyclomaticComplexity="4" nPathComplexity="0" sequenceCoverage="0" branchCoverage="0" isConstructor="False" isGetter="False" isSetter="False" isStatic="True">
              <Summary numSequencePoints="3" visitedSequencePoints="0" numBranchPoints="4" visitedBranchPoints="0" sequenceCoverage="0" branchCoverage="0" maxCyclomaticComplexity="4" minCyclomaticComplexity="4" visitedClasses="0" numClasses="0" visitedMethods="0" numMethods="1" />
              <MetadataToken />
              <Name>System.String Common.Convertor::ToString(System.Object,System.String)</Name>
              <FileRef uid="3" />
              <SequencePoints>
                <SequencePoint vc="0" uspid="17" ordinal="0" sl="17" sc="1" el="17" ec="2" bec="0" bev="0" fileid="3" />
                <SequencePoint vc="0" uspid="18" ordinal="1" sl="18" sc="1" el="18" ec="2" bec="4" bev="0" fileid="3" />
                <SequencePoint vc="0" uspid="19" ordinal="2" sl="19" sc="1" el="19" ec="2" bec="0" bev="0" fileid="3" />
              </SequencePoints>
              <BranchPoints>
                <BranchPoint vc="0" uspid="18" ordinal="0" path="0" offset="2" offsetend="4" sl="18" fileid="3" />
                <BranchPoint vc="0" uspid="18" ordinal="1" path="1" offset="2" offsetend="12" sl="18" fileid="3" />
                <BranchPoint vc="0" uspid="18" ordinal="2" path="0" offset="10" offsetend="12" sl="18" fileid="3" />
                <BranchPoint vc="0" uspid="18" ordinal="3" path="1" offset="10" offsetend="15" sl="18" fileid="3" />
              </BranchPoints>
              <MethodPoint vc="0" uspid="0" p8:type="SequencePoint" ordinal="0" offset="0" sc="0" sl="17" ec="1" el="19" bec="0" bev="0" fileid="3" xmlns:p8="xsi" />
            </Method>
          </Methods>
        </Class>
        <Class>
          <Summary numSequencePoints="4" visitedSequencePoints="0" numBranchPoints="0" visitedBranchPoints="0" sequenceCoverage="0" branchCoverage="100" maxCyclomaticComplexity="1" minCyclomaticComplexity="1" visitedClasses="0" numClasses="1" visitedMethods="0" numMethods="4" />
          <FullName>Common.EmailSettings</FullName>
          <Methods>
            <Method cyclomaticComplexity="1" nPathComplexity="0" sequenceCoverage="0" branchCoverage="100" isConstructor="False" isGetter="True" isSetter="False" isStatic="True">
              <Summary numSequencePoints="1" visitedSequencePoints="0" numBranchPoints="0" visitedBranchPoints="0" sequenceCoverage="0" branchCoverage="100" maxCyclomaticComplexity="1" minCyclomaticComplexity="1" visitedClasses="0" numClasses="0" visitedMethods="0" numMethods="1" />
              <MetadataToken />
              <Name>System.String Common.EmailSettings::get_Host()</Name>
              <FileRef uid="4" />
              <SequencePoints>
                <SequencePoint vc="0" uspid="11" ordinal="0" sl="11" sc="1" el="11" ec="2" bec="0" bev="0" fileid="4" />
              </SequencePoints>
              <BranchPoints />
              <MethodPoint vc="0" uspid="0" p8:type="SequencePoint" ordinal="0" offset="0" sc="0" sl="11" ec="1" el="11" bec="0" bev="0" fileid="4" xmlns:p8="xsi" />
            </Method>
            <Method cyclomaticComplexity="1" nPathComplexity="0" sequenceCoverage="0" branchCoverage="100" isConstructor="False" isGetter="True" isSetter="False" isStatic="True">
              <Summary numSequencePoints="1" visitedSequencePoints="0" numBranchPoints="0" visitedBranchPoints="0" sequenceCoverage="0" branchCoverage="100" maxCyclomaticComplexity="1" minCyclomaticComplexity="1" visitedClasses="0" numClasses="0" visitedMethods="0" numMethods="1" />
              <MetadataToken />
              <Name>System.String Common.EmailSettings::get_From()</Name>
              <FileRef uid="4" />
              <SequencePoints>
                <SequencePoint vc="0" uspid="16" ordinal="0" sl="16" sc="1" el="16" ec="2" bec="0" bev="0" fileid="4" />
              </SequencePoints>
              <BranchPoints />
              <MethodPoint vc="0" uspid="0" p8:type="SequencePoint" ordinal="1" offset="1" sc="0" sl="16" ec="1" el="16" bec="0" bev="0" fileid="4" xmlns:p8="xsi" />
            </Method>
            <Method cyclomaticComplexity="1" nPathComplexity="0" sequenceCoverage="0" branchCoverage="100" isConstructor="False" isGetter="True" isSetter="False" isStatic="True">
              <Summary numSequencePoints="1" visitedSequencePoints="0" numBranchPoints="0" visitedBranchPoints="0" sequenceCoverage="0" branchCoverage="100" maxCyclomaticComplexity="1" minCyclomaticComplexity="1" visitedClasses="0" numClasses="0" visitedMethods="0" numMethods="1" />
              <MetadataToken />
              <Name>System.String Common.EmailSettings::get_User()</Name>
              <FileRef uid="4" />
              <SequencePoints>
                <SequencePoint vc="0" uspid="21" ordinal="0" sl="21" sc="1" el="21" ec="2" bec="0" bev="0" fileid="4" />
              </SequencePoints>
              <BranchPoints />
              <MethodPoint vc="0" uspid="0" p8:type="SequencePoint" ordinal="2" offset="2" sc="0" sl="21" ec="1" el="21" bec="0" bev="0" fileid="4" xmlns:p8="xsi" />
            </Method>
            <Method cyclomaticComplexity="1" nPathComplexity="0" sequenceCoverage="0" branchCoverage="100" isConstructor="False" isGetter="True" isSetter="False" isStatic="True">
              <Summary numSequencePoints="1" visitedSequencePoints="0" numBranchPoints="0" visitedBranchPoints="0" sequenceCoverage="0" branchCoverage="100" maxCyclomaticComplexity="1" minCyclomaticComplexity="1" visitedClasses="0" numClasses="0" visitedMethods="0" numMethods="1" />
              <MetadataToken />
              <Name>System.String Common.EmailSettings::get_Password()</Name>
              <FileRef uid="4" />
              <SequencePoints>
                <SequencePoint vc="0" uspid="26" ordinal="0" sl="26" sc="1" el="26" ec="2" bec="0" bev="0" fileid="4" />
              </SequencePoints>
              <BranchPoints />
              <MethodPoint vc="0" uspid="0" p8:type="SequencePoint" ordinal="3" offset="3" sc="0" sl="26" ec="1" el="26" bec="0" bev="0" fileid="4" xmlns:p8="xsi" />
            </Method>
          </Methods>
        </Class>
        <Class>
          <Summary numSequencePoints="7" visitedSequencePoints="0" numBranchPoints="0" visitedBranchPoints="0" sequenceCoverage="0" branchCoverage="100" maxCyclomaticComplexity="1" minCyclomaticComplexity="1" visitedClasses="0" numClasses="1" visitedMethods="0" numMethods="2" />
          <FullName>Common.GenericWrapper`1</FullName>
          <Methods>
            <Method cyclomaticComplexity="1" nPathComplexity="0" sequenceCoverage="0" branchCoverage="100" isConstructor="False" isGetter="True" isSetter="False" isStatic="True">
              <Summary numSequencePoints="1" visitedSequencePoints="0" numBranchPoints="0" visitedBranchPoints="0" sequenceCoverage="0" branchCoverage="100" maxCyclomaticComplexity="1" minCyclomaticComplexity="1" visitedClasses="0" numClasses="0" visitedMethods="0" numMethods="1" />
              <MetadataToken />
              <Name>T Common.GenericWrapper`1::get_Value()</Name>
              <FileRef uid="5" />
              <SequencePoints>
                <SequencePoint vc="0" uspid="17" ordinal="0" sl="17" sc="1" el="17" ec="2" bec="0" bev="0" fileid="5" />
              </SequencePoints>
              <BranchPoints />
              <MethodPoint vc="0" uspid="0" p8:type="SequencePoint" ordinal="0" offset="0" sc="0" sl="17" ec="1" el="17" bec="0" bev="0" fileid="5" xmlns:p8="xsi" />
            </Method>
            <Method cyclomaticComplexity="1" nPathComplexity="0" sequenceCoverage="0" branchCoverage="100" isConstructor="False" isGetter="False" isSetter="False" isStatic="True">
              <Summary numSequencePoints="6" visitedSequencePoints="0" numBranchPoints="0" visitedBranchPoints="0" sequenceCoverage="0" branchCoverage="100" maxCyclomaticComplexity="1" minCyclomaticComplexity="1" visitedClasses="0" numClasses="0" visitedMethods="0" numMethods="1" />
              <MetadataToken />
              <Name>Common.GenericWrapper`1&lt;T&gt; Common.GenericWrapper`1::Wrap(T)</Name>
              <FileRef uid="5" />
              <SequencePoints>
                <SequencePoint vc="0" uspid="25" ordinal="0" sl="25" sc="1" el="25" ec="2" bec="0" bev="0" fileid="5" />
                <SequencePoint vc="0" uspid="26" ordinal="1" sl="26" sc="1" el="26" ec="2" bec="0" bev="0" fileid="5" />
                <SequencePoint vc="0" uspid="27" ordinal="2" sl="27" sc="1" el="27" ec="2" bec="0" bev="0" fileid="5" />
                <SequencePoint vc="0" uspid="28" ordinal="3" sl="28" sc="1" el="28" ec="2" bec="0" bev="0" fileid="5" />
                <SequencePoint vc="0" uspid="29" ordinal="4" sl="29" sc="1" el="29" ec="2" bec="0" bev="0" fileid="5" />
                <SequencePoint vc="0" uspid="30" ordinal="5" sl="30" sc="1" el="30" ec="2" bec="0" bev="0" fileid="5" />
              </SequencePoints>
              <BranchPoints />
              <MethodPoint vc="0" uspid="0" p8:type="SequencePoint" ordinal="1" offset="1" sc="0" sl="25" ec="1" el="30" bec="0" bev="0" fileid="5" xmlns:p8="xsi" />
            </Method>
          </Methods>
        </Class>
        <Class>
          <Summary numSequencePoints="5" visitedSequencePoints="0" numBranchPoints="0" visitedBranchPoints="0" sequenceCoverage="0" branchCoverage="100" maxCyclomaticComplexity="1" minCyclomaticComplexity="1" visitedClasses="0" numClasses="1" visitedMethods="0" numMethods="2" />
          <FullName>Common.HttpErrorMessage</FullName>
          <Methods>
            <Method cyclomaticComplexity="1" nPathComplexity="0" sequenceCoverage="0" branchCoverage="100" isConstructor="False" isGetter="True" isSetter="False" isStatic="True">
              <Summary numSequencePoints="1" visitedSequencePoints="0" numBranchPoints="0" visitedBranchPoints="0" sequenceCoverage="0" branchCoverage="100" maxCyclomaticComplexity="1" minCyclomaticComplexity="1" visitedClasses="0" numClasses="0" visitedMethods="0" numMethods="1" />
              <MetadataToken />
              <Name>System.String Common.HttpErrorMessage::get_Code()</Name>
              <FileRef uid="6" />
              <SequencePoints>
                <SequencePoint vc="0" uspid="11" ordinal="0" sl="11" sc="1" el="11" ec="2" bec="0" bev="0" fileid="6" />
              </SequencePoints>
              <BranchPoints />
              <MethodPoint vc="0" uspid="0" p8:type="SequencePoint" ordinal="0" offset="0" sc="0" sl="11" ec="1" el="11" bec="0" bev="0" fileid="6" xmlns:p8="xsi" />
            </Method>
            <Method cyclomaticComplexity="1" nPathComplexity="0" sequenceCoverage="0" branchCoverage="100" isConstructor="True" isGetter="False" isSetter="False" isStatic="True">
              <Summary numSequencePoints="4" visitedSequencePoints="0" numBranchPoints="0" visitedBranchPoints="0" sequenceCoverage="0" branchCoverage="100" maxCyclomaticComplexity="1" minCyclomaticComplexity="1" visitedClasses="0" numClasses="0" visitedMethods="0" numMethods="1" />
              <MetadataToken />
              <Name>System.Void Common.HttpErrorMessage::.ctor(System.String)</Name>
              <FileRef uid="6" />
              <SequencePoints>
                <SequencePoint vc="0" uspid="17" ordinal="0" sl="17" sc="1" el="17" ec="2" bec="0" bev="0" fileid="6" />
                <SequencePoint vc="0" uspid="18" ordinal="1" sl="18" sc="1" el="18" ec="2" bec="0" bev="0" fileid="6" />
                <SequencePoint vc="0" uspid="19" ordinal="2" sl="19" sc="1" el="19" ec="2" bec="0" bev="0" fileid="6" />
                <SequencePoint vc="0" uspid="20" ordinal="3" sl="20" sc="1" el="20" ec="2" bec="0" bev="0" fileid="6" />
              </SequencePoints>
              <BranchPoints />
              <MethodPoint vc="0" uspid="0" p8:type="SequencePoint" ordinal="1" offset="1" sc="0" sl="17" ec="1" el="20" bec="0" bev="0" fileid="6" xmlns:p8="xsi" />
            </Method>
          </Methods>
        </Class>
        <Class>
          <Summary numSequencePoints="1" visitedSequencePoints="0" numBranchPoints="0" visitedBranchPoints="0" sequenceCoverage="0" branchCoverage="100" maxCyclomaticComplexity="1" minCyclomaticComplexity="1" visitedClasses="0" numClasses="1" visitedMethods="0" numMethods="1" />
          <FullName>Common.LogParameters</FullName>
          <Methods>
            <Method cyclomaticComplexity="1" nPathComplexity="0" sequenceCoverage="0" branchCoverage="100" isConstructor="False" isGetter="True" isSetter="False" isStatic="True">
              <Summary numSequencePoints="1" visitedSequencePoints="0" numBranchPoints="0" visitedBranchPoints="0" sequenceCoverage="0" branchCoverage="100" maxCyclomaticComplexity="1" minCyclomaticComplexity="1" visitedClasses="0" numClasses="0" visitedMethods="0" numMethods="1" />
              <MetadataToken />
              <Name>System.Int32 Common.LogParameters::get_CategoryId()</Name>
              <FileRef uid="7" />
              <SequencePoints>
                <SequencePoint vc="0" uspid="11" ordinal="0" sl="11" sc="1" el="11" ec="2" bec="0" bev="0" fileid="7" />
              </SequencePoints>
              <BranchPoints />
              <MethodPoint vc="0" uspid="0" p8:type="SequencePoint" ordinal="0" offset="0" sc="0" sl="11" ec="1" el="11" bec="0" bev="0" fileid="7" xmlns:p8="xsi" />
            </Method>
          </Methods>
        </Class>
        <Class>
          <Summary numSequencePoints="28" visitedSequencePoints="0" numBranchPoints="0" visitedBranchPoints="0" sequenceCoverage="0" branchCoverage="100" maxCyclomaticComplexity="1" minCyclomaticComplexity="1" visitedClasses="0" numClasses="1" visitedMethods="0" numMethods="5" />
          <FullName>Common.Implementations.EmailManager</FullName>
          <Methods>
            <Method cyclomaticComplexity="1" nPathComplexity="0" sequenceCoverage="0" branchCoverage="100" isConstructor="False" isGetter="True" isSetter="False" isStatic="True">
              <Summary numSequencePoints="1" visitedSequencePoints="0" numBranchPoints="0" visitedBranchPoints="0" sequenceCoverage="0" branchCoverage="100" maxCyclomaticComplexity="1" minCyclomaticComplexity="1" visitedClasses="0" numClasses="0" visitedMethods="0" numMethods="1" />
              <MetadataToken />
              <Name>Common.EmailSettings Common.Implementations.EmailManager::get_Settings()</Name>
              <FileRef uid="8" />
              <SequencePoints>
                <SequencePoint vc="0" uspid="14" ordinal="0" sl="14" sc="1" el="14" ec="2" bec="0" bev="0" fileid="8" />
              </SequencePoints>
              <BranchPoints />
              <MethodPoint vc="0" uspid="0" p8:type="SequencePoint" ordinal="0" offset="0" sc="0" sl="14" ec="1" el="14" bec="0" bev="0" fileid="8" xmlns:p8="xsi" />
            </Method>
            <Method cyclomaticComplexity="1" nPathComplexity="0" sequenceCoverage="0" branchCoverage="100" isConstructor="False" isGetter="False" isSetter="False" isStatic="True">
              <Summary numSequencePoints="4" visitedSequencePoints="0" numBranchPoints="0" visitedBranchPoints="0" sequenceCoverage="0" branchCoverage="100" maxCyclomaticComplexity="1" minCyclomaticComplexity="1" visitedClasses="0" numClasses="0" visitedMethods="0" numMethods="1" />
              <MetadataToken />
              <Name>System.Void Common.Implementations.EmailManager::Send(System.String,System.String,System.String)</Name>
              <FileRef uid="8" />
              <SequencePoints>
                <SequencePoint vc="0" uspid="35" ordinal="0" sl="35" sc="1" el="35" ec="2" bec="0" bev="0" fileid="8" />
                <SequencePoint vc="0" uspid="36" ordinal="1" sl="36" sc="1" el="36" ec="2" bec="0" bev="0" fileid="8" />
                <SequencePoint vc="0" uspid="37" ordinal="2" sl="37" sc="1" el="37" ec="2" bec="0" bev="0" fileid="8" />
                <SequencePoint vc="0" uspid="38" ordinal="3" sl="38" sc="1" el="38" ec="2" bec="0" bev="0" fileid="8" />
              </SequencePoints>
              <BranchPoints />
              <MethodPoint vc="0" uspid="0" p8:type="SequencePoint" ordinal="1" offset="1" sc="0" sl="35" ec="1" el="38" bec="0" bev="0" fileid="8" xmlns:p8="xsi" />
            </Method>
            <Method cyclomaticComplexity="1" nPathComplexity="0" sequenceCoverage="0" branchCoverage="100" isConstructor="False" isGetter="False" isSetter="False" isStatic="True">
              <Summary numSequencePoints="11" visitedSequencePoints="0" numBranchPoints="0" visitedBranchPoints="0" sequenceCoverage="0" branchCoverage="100" maxCyclomaticComplexity="1" minCyclomaticComplexity="1" visitedClasses="0" numClasses="0" visitedMethods="0" numMethods="1" />
              <MetadataToken />
              <Name>System.Net.Mail.MailMessage Common.Implementations.EmailManager::CreateMailMessage(System.String,System.String,System.String,System.String)</Name>
              <FileRef uid="8" />
              <SequencePoints>
                <SequencePoint vc="0" uspid="41" ordinal="0" sl="41" sc="1" el="41" ec="2" bec="0" bev="0" fileid="8" />
                <SequencePoint vc="0" uspid="42" ordinal="1" sl="42" sc="1" el="42" ec="2" bec="0" bev="0" fileid="8" />
                <SequencePoint vc="0" uspid="43" ordinal="2" sl="43" sc="1" el="43" ec="2" bec="0" bev="0" fileid="8" />
                <SequencePoint vc="0" uspid="44" ordinal="3" sl="44" sc="1" el="44" ec="2" bec="0" bev="0" fileid="8" />
                <SequencePoint vc="0" uspid="45" ordinal="4" sl="45" sc="1" el="45" ec="2" bec="0" bev="0" fileid="8" />
                <SequencePoint vc="0" uspid="46" ordinal="5" sl="46" sc="1" el="46" ec="2" bec="0" bev="0" fileid="8" />
                <SequencePoint vc="0" uspid="47" ordinal="6" sl="47" sc="1" el="47" ec="2" bec="0" bev="0" fileid="8" />
                <SequencePoint vc="0" uspid="48" ordinal="7" sl="48" sc="1" el="48" ec="2" bec="0" bev="0" fileid="8" />
                <SequencePoint vc="0" uspid="50" ordinal="8" sl="50" sc="1" el="50" ec="2" bec="0" bev="0" fileid="8" />
                <SequencePoint vc="0" uspid="52" ordinal="9" sl="52" sc="1" el="52" ec="2" bec="0" bev="0" fileid="8" />
                <SequencePoint vc="0" uspid="53" ordinal="10" sl="53" sc="1" el="53" ec="2" bec="0" bev="0" fileid="8" />
              </SequencePoints>
              <BranchPoints />
              <MethodPoint vc="0" uspid="0" p8:type="SequencePoint" ordinal="2" offset="2" sc="0" sl="41" ec="1" el="53" bec="0" bev="0" fileid="8" xmlns:p8="xsi" />
            </Method>
            <Method cyclomaticComplexity="1" nPathComplexity="0" sequenceCoverage="0" branchCoverage="100" isConstructor="False" isGetter="False" isSetter="False" isStatic="True">
              <Summary numSequencePoints="7" visitedSequencePoints="0" numBranchPoints="0" visitedBranchPoints="0" sequenceCoverage="0" branchCoverage="100" maxCyclomaticComplexity="1" minCyclomaticComplexity="1" visitedClasses="0" numClasses="0" visitedMethods="0" numMethods="1" />
              <MetadataToken />
              <Name>System.Net.Mail.SmtpClient Common.Implementations.EmailManager::CreateSmtpClient(System.String,System.String,System.String)</Name>
              <FileRef uid="8" />
              <SequencePoints>
                <SequencePoint vc="0" uspid="56" ordinal="0" sl="56" sc="1" el="56" ec="2" bec="0" bev="0" fileid="8" />
                <SequencePoint vc="0" uspid="57" ordinal="1" sl="57" sc="1" el="57" ec="2" bec="0" bev="0" fileid="8" />
                <SequencePoint vc="0" uspid="58" ordinal="2" sl="58" sc="1" el="58" ec="2" bec="0" bev="0" fileid="8" />
                <SequencePoint vc="0" uspid="59" ordinal="3" sl="59" sc="1" el="59" ec="2" bec="0" bev="0" fileid="8" />
                <SequencePoint vc="0" uspid="60" ordinal="4" sl="60" sc="1" el="60" ec="2" bec="0" bev="0" fileid="8" />
                <SequencePoint vc="0" uspid="61" ordinal="5" sl="61" sc="1" el="61" ec="2" bec="0" bev="0" fileid="8" />
                <SequencePoint vc="0" uspid="62" ordinal="6" sl="62" sc="1" el="62" ec="2" bec="0" bev="0" fileid="8" />
              </SequencePoints>
              <BranchPoints />
              <MethodPoint vc="0" uspid="0" p8:type="SequencePoint" ordinal="3" offset="3" sc="0" sl="56" ec="1" el="62" bec="0" bev="0" fileid="8" xmlns:p8="xsi" />
            </Method>
            <Method cyclomaticComplexity="1" nPathComplexity="0" sequenceCoverage="0" branchCoverage="100" isConstructor="True" isGetter="False" isSetter="False" isStatic="True">
              <Summary numSequencePoints="5" visitedSequencePoints="0" numBranchPoints="0" visitedBranchPoints="0" sequenceCoverage="0" branchCoverage="100" maxCyclomaticComplexity="1" minCyclomaticComplexity="1" visitedClasses="0" numClasses="0" visitedMethods="0" numMethods="1" />
              <MetadataToken />
              <Name>System.Void Common.Implementations.EmailManager::.ctor(Microsoft.Extensions.Options.IOptions`1&lt;Common.AppSettings&gt;)</Name>
              <FileRef uid="8" />
              <SequencePoints>
                <SequencePoint vc="0" uspid="22" ordinal="0" sl="22" sc="1" el="22" ec="2" bec="0" bev="0" fileid="8" />
                <SequencePoint vc="0" uspid="23" ordinal="1" sl="23" sc="1" el="23" ec="2" bec="0" bev="0" fileid="8" />
                <SequencePoint vc="0" uspid="24" ordinal="2" sl="24" sc="1" el="24" ec="2" bec="0" bev="0" fileid="8" />
                <SequencePoint vc="0" uspid="25" ordinal="3" sl="25" sc="1" el="25" ec="2" bec="0" bev="0" fileid="8" />
                <SequencePoint vc="0" uspid="26" ordinal="4" sl="26" sc="1" el="26" ec="2" bec="0" bev="0" fileid="8" />
              </SequencePoints>
              <BranchPoints />
              <MethodPoint vc="0" uspid="0" p8:type="SequencePoint" ordinal="4" offset="4" sc="0" sl="22" ec="1" el="26" bec="0" bev="0" fileid="8" xmlns:p8="xsi" />
            </Method>
          </Methods>
        </Class>
        <Class>
          <Summary numSequencePoints="8" visitedSequencePoints="0" numBranchPoints="0" visitedBranchPoints="0" sequenceCoverage="0" branchCoverage="100" maxCyclomaticComplexity="1" minCyclomaticComplexity="1" visitedClasses="0" numClasses="1" visitedMethods="0" numMethods="2" />
          <FullName>Common.Implementations.LogAdapter</FullName>
          <Methods>
            <Method cyclomaticComplexity="1" nPathComplexity="0" sequenceCoverage="0" branchCoverage="100" isConstructor="False" isGetter="False" isSetter="False" isStatic="True">
              <Summary numSequencePoints="3" visitedSequencePoints="0" numBranchPoints="0" visitedBranchPoints="0" sequenceCoverage="0" branchCoverage="100" maxCyclomaticComplexity="1" minCyclomaticComplexity="1" visitedClasses="0" numClasses="0" visitedMethods="0" numMethods="1" />
              <MetadataToken />
              <Name>System.Void Common.Implementations.LogAdapter::Write(Serilog.Events.LogEventLevel,System.Exception,System.String,System.Object[])</Name>
              <FileRef uid="9" />
              <SequencePoints>
                <SequencePoint vc="0" uspid="34" ordinal="0" sl="34" sc="1" el="34" ec="2" bec="0" bev="0" fileid="9" />
                <SequencePoint vc="0" uspid="35" ordinal="1" sl="35" sc="1" el="35" ec="2" bec="0" bev="0" fileid="9" />
                <SequencePoint vc="0" uspid="36" ordinal="2" sl="36" sc="1" el="36" ec="2" bec="0" bev="0" fileid="9" />
              </SequencePoints>
              <BranchPoints />
              <MethodPoint vc="0" uspid="0" p8:type="SequencePoint" ordinal="0" offset="0" sc="0" sl="34" ec="1" el="36" bec="0" bev="0" fileid="9" xmlns:p8="xsi" />
            </Method>
            <Method cyclomaticComplexity="1" nPathComplexity="0" sequenceCoverage="0" branchCoverage="100" isConstructor="True" isGetter="False" isSetter="False" isStatic="True">
              <Summary numSequencePoints="5" visitedSequencePoints="0" numBranchPoints="0" visitedBranchPoints="0" sequenceCoverage="0" branchCoverage="100" maxCyclomaticComplexity="1" minCyclomaticComplexity="1" visitedClasses="0" numClasses="0" visitedMethods="0" numMethods="1" />
              <MetadataToken />
              <Name>System.Void Common.Implementations.LogAdapter::.ctor(Microsoft.Extensions.Configuration.IConfiguration)</Name>
              <FileRef uid="9" />
              <SequencePoints>
                <SequencePoint vc="0" uspid="20" ordinal="0" sl="20" sc="1" el="20" ec="2" bec="0" bev="0" fileid="9" />
                <SequencePoint vc="0" uspid="21" ordinal="1" sl="21" sc="1" el="21" ec="2" bec="0" bev="0" fileid="9" />
                <SequencePoint vc="0" uspid="22" ordinal="2" sl="22" sc="1" el="22" ec="2" bec="0" bev="0" fileid="9" />
                <SequencePoint vc="0" uspid="23" ordinal="3" sl="23" sc="1" el="23" ec="2" bec="0" bev="0" fileid="9" />
                <SequencePoint vc="0" uspid="24" ordinal="4" sl="24" sc="1" el="24" ec="2" bec="0" bev="0" fileid="9" />
              </SequencePoints>
              <BranchPoints />
              <MethodPoint vc="0" uspid="0" p8:type="SequencePoint" ordinal="1" offset="1" sc="0" sl="20" ec="1" el="24" bec="0" bev="0" fileid="9" xmlns:p8="xsi" />
            </Method>
          </Methods>
        </Class>
        <Class>
          <Summary numSequencePoints="24" visitedSequencePoints="0" numBranchPoints="2" visitedBranchPoints="0" sequenceCoverage="0" branchCoverage="0" maxCyclomaticComplexity="2" minCyclomaticComplexity="1" visitedClasses="0" numClasses="1" visitedMethods="0" numMethods="5" />
          <FullName>Common.Implementations.LogManager</FullName>
          <Methods>
            <Method cyclomaticComplexity="1" nPathComplexity="0" sequenceCoverage="0" branchCoverage="100" isConstructor="False" isGetter="False" isSetter="False" isStatic="True">
              <Summary numSequencePoints="3" visitedSequencePoints="0" numBranchPoints="0" visitedBranchPoints="0" sequenceCoverage="0" branchCoverage="100" maxCyclomaticComplexity="1" minCyclomaticComplexity="1" visitedClasses="0" numClasses="0" visitedMethods="0" numMethods="1" />
              <MetadataToken />
              <Name>System.Void Common.Implementations.LogManager::AddLog(Common.LogCategory,System.String,Serilog.Events.LogEventLevel,System.Object[])</Name>
              <FileRef uid="10" />
              <SequencePoints>
                <SequencePoint vc="0" uspid="32" ordinal="0" sl="32" sc="1" el="32" ec="2" bec="0" bev="0" fileid="10" />
                <SequencePoint vc="0" uspid="33" ordinal="1" sl="33" sc="1" el="33" ec="2" bec="0" bev="0" fileid="10" />
                <SequencePoint vc="0" uspid="34" ordinal="2" sl="34" sc="1" el="34" ec="2" bec="0" bev="0" fileid="10" />
              </SequencePoints>
              <BranchPoints />
              <MethodPoint vc="0" uspid="0" p8:type="SequencePoint" ordinal="0" offset="0" sc="0" sl="32" ec="1" el="34" bec="0" bev="0" fileid="10" xmlns:p8="xsi" />
            </Method>
            <Method cyclomaticComplexity="1" nPathComplexity="0" sequenceCoverage="0" branchCoverage="100" isConstructor="False" isGetter="False" isSetter="False" isStatic="True">
              <Summary numSequencePoints="3" visitedSequencePoints="0" numBranchPoints="0" visitedBranchPoints="0" sequenceCoverage="0" branchCoverage="100" maxCyclomaticComplexity="1" minCyclomaticComplexity="1" visitedClasses="0" numClasses="0" visitedMethods="0" numMethods="1" />
              <MetadataToken />
              <Name>System.Void Common.Implementations.LogManager::AddLog(Common.LogCategory,System.Exception,System.Object[])</Name>
              <FileRef uid="10" />
              <SequencePoints>
                <SequencePoint vc="0" uspid="43" ordinal="0" sl="43" sc="1" el="43" ec="2" bec="0" bev="0" fileid="10" />
                <SequencePoint vc="0" uspid="44" ordinal="1" sl="44" sc="1" el="44" ec="2" bec="0" bev="0" fileid="10" />
                <SequencePoint vc="0" uspid="45" ordinal="2" sl="45" sc="1" el="45" ec="2" bec="0" bev="0" fileid="10" />
              </SequencePoints>
              <BranchPoints />
              <MethodPoint vc="0" uspid="0" p8:type="SequencePoint" ordinal="1" offset="1" sc="0" sl="43" ec="1" el="45" bec="0" bev="0" fileid="10" xmlns:p8="xsi" />
            </Method>
            <Method cyclomaticComplexity="2" nPathComplexity="0" sequenceCoverage="0" branchCoverage="0" isConstructor="False" isGetter="False" isSetter="False" isStatic="True">
              <Summary numSequencePoints="8" visitedSequencePoints="0" numBranchPoints="2" visitedBranchPoints="0" sequenceCoverage="0" branchCoverage="0" maxCyclomaticComplexity="2" minCyclomaticComplexity="2" visitedClasses="0" numClasses="0" visitedMethods="0" numMethods="1" />
              <MetadataToken />
              <Name>System.Void Common.Implementations.LogManager::AddLog(Common.LogCategory,System.Exception,System.String,Serilog.Events.LogEventLevel,System.Object[])</Name>
              <FileRef uid="10" />
              <SequencePoints>
                <SequencePoint vc="0" uspid="56" ordinal="0" sl="56" sc="1" el="56" ec="2" bec="0" bev="0" fileid="10" />
                <SequencePoint vc="0" uspid="57" ordinal="1" sl="57" sc="1" el="57" ec="2" bec="0" bev="0" fileid="10" />
                <SequencePoint vc="0" uspid="59" ordinal="2" sl="59" sc="1" el="59" ec="2" bec="2" bev="0" fileid="10" />
                <SequencePoint vc="0" uspid="60" ordinal="3" sl="60" sc="1" el="60" ec="2" bec="0" bev="0" fileid="10" />
                <SequencePoint vc="0" uspid="62" ordinal="4" sl="62" sc="1" el="62" ec="2" bec="0" bev="0" fileid="10" />
                <SequencePoint vc="0" uspid="63" ordinal="5" sl="63" sc="1" el="63" ec="2" bec="0" bev="0" fileid="10" />
                <SequencePoint vc="0" uspid="65" ordinal="6" sl="65" sc="1" el="65" ec="2" bec="0" bev="0" fileid="10" />
                <SequencePoint vc="0" uspid="66" ordinal="7" sl="66" sc="1" el="66" ec="2" bec="0" bev="0" fileid="10" />
              </SequencePoints>
              <BranchPoints>
                <BranchPoint vc="0" uspid="59" ordinal="0" path="0" offset="10" offsetend="12" sl="59" fileid="10" />
                <BranchPoint vc="0" uspid="59" ordinal="1" path="1" offset="10" offsetend="18" sl="59" fileid="10" />
              </BranchPoints>
              <MethodPoint vc="0" uspid="0" p8:type="SequencePoint" ordinal="2" offset="2" sc="0" sl="56" ec="1" el="66" bec="0" bev="0" fileid="10" xmlns:p8="xsi" />
            </Method>
            <Method cyclomaticComplexity="1" nPathComplexity="0" sequenceCoverage="0" branchCoverage="100" isConstructor="False" isGetter="False" isSetter="False" isStatic="True">
              <Summary numSequencePoints="6" visitedSequencePoints="0" numBranchPoints="0" visitedBranchPoints="0" sequenceCoverage="0" branchCoverage="100" maxCyclomaticComplexity="1" minCyclomaticComplexity="1" visitedClasses="0" numClasses="0" visitedMethods="0" numMethods="1" />
              <MetadataToken />
              <Name>Common.LogParameters Common.Implementations.LogManager::CreateLogParameters(Common.LogCategory)</Name>
              <FileRef uid="10" />
              <SequencePoints>
                <SequencePoint vc="0" uspid="69" ordinal="0" sl="69" sc="1" el="69" ec="2" bec="0" bev="0" fileid="10" />
                <SequencePoint vc="0" uspid="70" ordinal="1" sl="70" sc="1" el="70" ec="2" bec="0" bev="0" fileid="10" />
                <SequencePoint vc="0" uspid="71" ordinal="2" sl="71" sc="1" el="71" ec="2" bec="0" bev="0" fileid="10" />
                <SequencePoint vc="0" uspid="72" ordinal="3" sl="72" sc="1" el="72" ec="2" bec="0" bev="0" fileid="10" />
                <SequencePoint vc="0" uspid="73" ordinal="4" sl="73" sc="1" el="73" ec="2" bec="0" bev="0" fileid="10" />
                <SequencePoint vc="0" uspid="74" ordinal="5" sl="74" sc="1" el="74" ec="2" bec="0" bev="0" fileid="10" />
              </SequencePoints>
              <BranchPoints />
              <MethodPoint vc="0" uspid="0" p8:type="SequencePoint" ordinal="3" offset="3" sc="0" sl="69" ec="1" el="74" bec="0" bev="0" fileid="10" xmlns:p8="xsi" />
            </Method>
            <Method cyclomaticComplexity="1" nPathComplexity="0" sequenceCoverage="0" branchCoverage="100" isConstructor="True" isGetter="False" isSetter="False" isStatic="True">
              <Summary numSequencePoints="4" visitedSequencePoints="0" numBranchPoints="0" visitedBranchPoints="0" sequenceCoverage="0" branchCoverage="100" maxCyclomaticComplexity="1" minCyclomaticComplexity="1" visitedClasses="0" numClasses="0" visitedMethods="0" numMethods="1" />
              <MetadataToken />
              <Name>System.Void Common.Implementations.LogManager::.ctor(Common.Interfaces.ILogAdapter)</Name>
              <FileRef uid="10" />
              <SequencePoints>
                <SequencePoint vc="0" uspid="19" ordinal="0" sl="19" sc="1" el="19" ec="2" bec="0" bev="0" fileid="10" />
                <SequencePoint vc="0" uspid="20" ordinal="1" sl="20" sc="1" el="20" ec="2" bec="0" bev="0" fileid="10" />
                <SequencePoint vc="0" uspid="21" ordinal="2" sl="21" sc="1" el="21" ec="2" bec="0" bev="0" fileid="10" />
                <SequencePoint vc="0" uspid="22" ordinal="3" sl="22" sc="1" el="22" ec="2" bec="0" bev="0" fileid="10" />
              </SequencePoints>
              <BranchPoints />
              <MethodPoint vc="0" uspid="0" p8:type="SequencePoint" ordinal="4" offset="4" sc="0" sl="19" ec="1" el="22" bec="0" bev="0" fileid="10" xmlns:p8="xsi" />
            </Method>
          </Methods>
        </Class>
      </Classes>
    </Module>
    <Module hash="50F56670-F417-43AE-BF27-F9D017531EB6">
      <ModulePath>Models.dll</ModulePath>
      <ModuleTime>2020-10-02T08:01:47</ModuleTime>
      <ModuleName>Models</ModuleName>
      <Files>
        <File uid="11" fullPath="/Users/kemaltaskin/Projects/Quiz/Models/TransferObjects/Answer.cs" />
        <File uid="12" fullPath="/Users/kemaltaskin/Projects/Quiz/Models/TransferObjects/AuthToken.cs" />
        <File uid="13" fullPath="/Users/kemaltaskin/Projects/Quiz/Models/TransferObjects/CreateAttemptResponse.cs" />
        <File uid="14" fullPath="/Users/kemaltaskin/Projects/Quiz/Models/TransferObjects/EmailRequest.cs" />
        <File uid="15" fullPath="/Users/kemaltaskin/Projects/Quiz/Models/TransferObjects/GenericManagerResponse.cs" />
        <File uid="16" fullPath="/Users/kemaltaskin/Projects/Quiz/Models/TransferObjects/OneTimeTokenRequest.cs" />
        <File uid="17" fullPath="/Users/kemaltaskin/Projects/Quiz/Models/TransferObjects/PasswordChangeRequest.cs" />
        <File uid="18" fullPath="/Users/kemaltaskin/Projects/Quiz/Models/TransferObjects/PasswordChangeRequestWithToken.cs" />
        <File uid="19" fullPath="/Users/kemaltaskin/Projects/Quiz/Models/TransferObjects/PasswordCriteria.cs" />
        <File uid="20" fullPath="/Users/kemaltaskin/Projects/Quiz/Models/TransferObjects/TokenRequest.cs" />
        <File uid="21" fullPath="/Users/kemaltaskin/Projects/Quiz/Models/TransferObjects/UpdateQuizAttemptResponse.cs" />
        <File uid="22" fullPath="/Users/kemaltaskin/Projects/Quiz/Models/TransferObjects/UpdateQuizAttemptStatus.cs" />
        <File uid="23" fullPath="/Users/kemaltaskin/Projects/Quiz/Models/TransferObjects/User.cs" />
        <File uid="24" fullPath="/Users/kemaltaskin/Projects/Quiz/Models/DbModels/Answer.cs" />
        <File uid="25" fullPath="/Users/kemaltaskin/Projects/Quiz/Models/DbModels/OneTimeToken.cs" />
        <File uid="26" fullPath="/Users/kemaltaskin/Projects/Quiz/Models/DbModels/Option.cs" />
        <File uid="27" fullPath="/Users/kemaltaskin/Projects/Quiz/Models/DbModels/Pool.cs" />
        <File uid="28" fullPath="/Users/kemaltaskin/Projects/Quiz/Models/DbModels/Question.cs" />
        <File uid="29" fullPath="/Users/kemaltaskin/Projects/Quiz/Models/DbModels/QuestionOption.cs" />
        <File uid="30" fullPath="/Users/kemaltaskin/Projects/Quiz/Models/DbModels/Quiz.cs" />
        <File uid="31" fullPath="/Users/kemaltaskin/Projects/Quiz/Models/DbModels/QuizAssignment.cs" />
        <File uid="32" fullPath="/Users/kemaltaskin/Projects/Quiz/Models/DbModels/QuizAttempt.cs" />
        <File uid="33" fullPath="/Users/kemaltaskin/Projects/Quiz/Models/DbModels/QuizIdentity.cs" />
        <File uid="34" fullPath="/Users/kemaltaskin/Projects/Quiz/Models/DbModels/QuizQuestion.cs" />
        <File uid="35" fullPath="/Users/kemaltaskin/Projects/Quiz/Models/DbModels/User.cs" />
        <File uid="36" fullPath="/Users/kemaltaskin/Projects/Quiz/Models/DbModels/UserToken.cs" />
      </Files>
      <Classes>
        <Class>
          <Summary numSequencePoints="3" visitedSequencePoints="0" numBranchPoints="0" visitedBranchPoints="0" sequenceCoverage="0" branchCoverage="100" maxCyclomaticComplexity="1" minCyclomaticComplexity="1" visitedClasses="0" numClasses="1" visitedMethods="0" numMethods="3" />
          <FullName>Models.TransferObjects.Answer</FullName>
          <Methods>
            <Method cyclomaticComplexity="1" nPathComplexity="0" sequenceCoverage="0" branchCoverage="100" isConstructor="False" isGetter="True" isSetter="False" isStatic="True">
              <Summary numSequencePoints="1" visitedSequencePoints="0" numBranchPoints="0" visitedBranchPoints="0" sequenceCoverage="0" branchCoverage="100" maxCyclomaticComplexity="1" minCyclomaticComplexity="1" visitedClasses="0" numClasses="0" visitedMethods="0" numMethods="1" />
              <MetadataToken />
              <Name>System.Int32 Models.TransferObjects.Answer::get_TimeSpent()</Name>
              <FileRef uid="11" />
              <SequencePoints>
                <SequencePoint vc="0" uspid="13" ordinal="0" sl="13" sc="1" el="13" ec="2" bec="0" bev="0" fileid="11" />
              </SequencePoints>
              <BranchPoints />
              <MethodPoint vc="0" uspid="0" p8:type="SequencePoint" ordinal="0" offset="0" sc="0" sl="13" ec="1" el="13" bec="0" bev="0" fileid="11" xmlns:p8="xsi" />
            </Method>
            <Method cyclomaticComplexity="1" nPathComplexity="0" sequenceCoverage="0" branchCoverage="100" isConstructor="False" isGetter="True" isSetter="False" isStatic="True">
              <Summary numSequencePoints="1" visitedSequencePoints="0" numBranchPoints="0" visitedBranchPoints="0" sequenceCoverage="0" branchCoverage="100" maxCyclomaticComplexity="1" minCyclomaticComplexity="1" visitedClasses="0" numClasses="0" visitedMethods="0" numMethods="1" />
              <MetadataToken />
              <Name>System.Int32 Models.TransferObjects.Answer::get_QuestionId()</Name>
              <FileRef uid="11" />
              <SequencePoints>
                <SequencePoint vc="0" uspid="18" ordinal="0" sl="18" sc="1" el="18" ec="2" bec="0" bev="0" fileid="11" />
              </SequencePoints>
              <BranchPoints />
              <MethodPoint vc="0" uspid="0" p8:type="SequencePoint" ordinal="1" offset="1" sc="0" sl="18" ec="1" el="18" bec="0" bev="0" fileid="11" xmlns:p8="xsi" />
            </Method>
            <Method cyclomaticComplexity="1" nPathComplexity="0" sequenceCoverage="0" branchCoverage="100" isConstructor="False" isGetter="True" isSetter="False" isStatic="True">
              <Summary numSequencePoints="1" visitedSequencePoints="0" numBranchPoints="0" visitedBranchPoints="0" sequenceCoverage="0" branchCoverage="100" maxCyclomaticComplexity="1" minCyclomaticComplexity="1" visitedClasses="0" numClasses="0" visitedMethods="0" numMethods="1" />
              <MetadataToken />
              <Name>System.Collections.Generic.IEnumerable`1&lt;System.Int32&gt; Models.TransferObjects.Answer::get_Options()</Name>
              <FileRef uid="11" />
              <SequencePoints>
                <SequencePoint vc="0" uspid="23" ordinal="0" sl="23" sc="1" el="23" ec="2" bec="0" bev="0" fileid="11" />
              </SequencePoints>
              <BranchPoints />
              <MethodPoint vc="0" uspid="0" p8:type="SequencePoint" ordinal="2" offset="2" sc="0" sl="23" ec="1" el="23" bec="0" bev="0" fileid="11" xmlns:p8="xsi" />
            </Method>
          </Methods>
        </Class>
        <Class>
          <Summary numSequencePoints="4" visitedSequencePoints="3" numBranchPoints="0" visitedBranchPoints="0" sequenceCoverage="75" branchCoverage="100" maxCyclomaticComplexity="1" minCyclomaticComplexity="1" visitedClasses="1" numClasses="1" visitedMethods="3" numMethods="4" />
          <FullName>Models.TransferObjects.AuthToken</FullName>
          <Methods>
            <Method cyclomaticComplexity="1" nPathComplexity="0" sequenceCoverage="100" branchCoverage="100" isConstructor="False" isGetter="True" isSetter="False" isStatic="True">
              <Summary numSequencePoints="1" visitedSequencePoints="1" numBranchPoints="0" visitedBranchPoints="0" sequenceCoverage="100" branchCoverage="100" maxCyclomaticComplexity="1" minCyclomaticComplexity="1" visitedClasses="0" numClasses="0" visitedMethods="1" numMethods="1" />
              <MetadataToken />
              <Name>System.String Models.TransferObjects.AuthToken::get_Token()</Name>
              <FileRef uid="12" />
              <SequencePoints>
                <SequencePoint vc="9" uspid="16" ordinal="0" sl="16" sc="1" el="16" ec="2" bec="0" bev="0" fileid="12" />
              </SequencePoints>
              <BranchPoints />
              <MethodPoint vc="1" uspid="0" p8:type="SequencePoint" ordinal="0" offset="0" sc="0" sl="16" ec="1" el="16" bec="0" bev="0" fileid="12" xmlns:p8="xsi" />
            </Method>
            <Method cyclomaticComplexity="1" nPathComplexity="0" sequenceCoverage="100" branchCoverage="100" isConstructor="False" isGetter="True" isSetter="False" isStatic="True">
              <Summary numSequencePoints="1" visitedSequencePoints="1" numBranchPoints="0" visitedBranchPoints="0" sequenceCoverage="100" branchCoverage="100" maxCyclomaticComplexity="1" minCyclomaticComplexity="1" visitedClasses="0" numClasses="0" visitedMethods="1" numMethods="1" />
              <MetadataToken />
              <Name>System.Boolean Models.TransferObjects.AuthToken::get_IsVerified()</Name>
              <FileRef uid="12" />
              <SequencePoints>
                <SequencePoint vc="7" uspid="21" ordinal="0" sl="21" sc="1" el="21" ec="2" bec="0" bev="0" fileid="12" />
              </SequencePoints>
              <BranchPoints />
              <MethodPoint vc="1" uspid="0" p8:type="SequencePoint" ordinal="1" offset="1" sc="0" sl="21" ec="1" el="21" bec="0" bev="0" fileid="12" xmlns:p8="xsi" />
            </Method>
            <Method cyclomaticComplexity="1" nPathComplexity="0" sequenceCoverage="0" branchCoverage="100" isConstructor="False" isGetter="True" isSetter="False" isStatic="True">
              <Summary numSequencePoints="1" visitedSequencePoints="0" numBranchPoints="0" visitedBranchPoints="0" sequenceCoverage="0" branchCoverage="100" maxCyclomaticComplexity="1" minCyclomaticComplexity="1" visitedClasses="0" numClasses="0" visitedMethods="0" numMethods="1" />
              <MetadataToken />
              <Name>System.DateTime Models.TransferObjects.AuthToken::get_ValidUntil()</Name>
              <FileRef uid="12" />
              <SequencePoints>
                <SequencePoint vc="0" uspid="27" ordinal="0" sl="27" sc="1" el="27" ec="2" bec="0" bev="0" fileid="12" />
              </SequencePoints>
              <BranchPoints />
              <MethodPoint vc="0" uspid="0" p8:type="SequencePoint" ordinal="2" offset="2" sc="0" sl="27" ec="1" el="27" bec="0" bev="0" fileid="12" xmlns:p8="xsi" />
            </Method>
            <Method cyclomaticComplexity="1" nPathComplexity="0" sequenceCoverage="100" branchCoverage="100" isConstructor="False" isGetter="True" isSetter="False" isStatic="True">
              <Summary numSequencePoints="1" visitedSequencePoints="1" numBranchPoints="0" visitedBranchPoints="0" sequenceCoverage="100" branchCoverage="100" maxCyclomaticComplexity="1" minCyclomaticComplexity="1" visitedClasses="0" numClasses="0" visitedMethods="1" numMethods="1" />
              <MetadataToken />
              <Name>System.Int32 Models.TransferObjects.AuthToken::get_UserId()</Name>
              <FileRef uid="12" />
              <SequencePoints>
                <SequencePoint vc="10" uspid="32" ordinal="0" sl="32" sc="1" el="32" ec="2" bec="0" bev="0" fileid="12" />
              </SequencePoints>
              <BranchPoints />
              <MethodPoint vc="1" uspid="0" p8:type="SequencePoint" ordinal="3" offset="3" sc="0" sl="32" ec="1" el="32" bec="0" bev="0" fileid="12" xmlns:p8="xsi" />
            </Method>
          </Methods>
        </Class>
        <Class>
          <Summary numSequencePoints="2" visitedSequencePoints="2" numBranchPoints="0" visitedBranchPoints="0" sequenceCoverage="100" branchCoverage="100" maxCyclomaticComplexity="1" minCyclomaticComplexity="1" visitedClasses="1" numClasses="1" visitedMethods="2" numMethods="2" />
          <FullName>Models.TransferObjects.CreateAttemptResponse</FullName>
          <Methods>
            <Method cyclomaticComplexity="1" nPathComplexity="0" sequenceCoverage="100" branchCoverage="100" isConstructor="False" isGetter="True" isSetter="False" isStatic="True">
              <Summary numSequencePoints="1" visitedSequencePoints="1" numBranchPoints="0" visitedBranchPoints="0" sequenceCoverage="100" branchCoverage="100" maxCyclomaticComplexity="1" minCyclomaticComplexity="1" visitedClasses="0" numClasses="0" visitedMethods="1" numMethods="1" />
              <MetadataToken />
              <Name>Models.TransferObjects.CreateAttemptResult Models.TransferObjects.CreateAttemptResponse::get_Result()</Name>
              <FileRef uid="13" />
              <SequencePoints>
                <SequencePoint vc="12" uspid="13" ordinal="0" sl="13" sc="1" el="13" ec="2" bec="0" bev="0" fileid="13" />
              </SequencePoints>
              <BranchPoints />
              <MethodPoint vc="1" uspid="0" p8:type="SequencePoint" ordinal="0" offset="0" sc="0" sl="13" ec="1" el="13" bec="0" bev="0" fileid="13" xmlns:p8="xsi" />
            </Method>
            <Method cyclomaticComplexity="1" nPathComplexity="0" sequenceCoverage="100" branchCoverage="100" isConstructor="False" isGetter="True" isSetter="False" isStatic="True">
              <Summary numSequencePoints="1" visitedSequencePoints="1" numBranchPoints="0" visitedBranchPoints="0" sequenceCoverage="100" branchCoverage="100" maxCyclomaticComplexity="1" minCyclomaticComplexity="1" visitedClasses="0" numClasses="0" visitedMethods="1" numMethods="1" />
              <MetadataToken />
              <Name>Models.DbModels.QuizAttempt Models.TransferObjects.CreateAttemptResponse::get_Attempt()</Name>
              <FileRef uid="13" />
              <SequencePoints>
                <SequencePoint vc="9" uspid="18" ordinal="0" sl="18" sc="1" el="18" ec="2" bec="0" bev="0" fileid="13" />
              </SequencePoints>
              <BranchPoints />
              <MethodPoint vc="1" uspid="0" p8:type="SequencePoint" ordinal="1" offset="1" sc="0" sl="18" ec="1" el="18" bec="0" bev="0" fileid="13" xmlns:p8="xsi" />
            </Method>
          </Methods>
        </Class>
        <Class>
          <Summary numSequencePoints="1" visitedSequencePoints="0" numBranchPoints="0" visitedBranchPoints="0" sequenceCoverage="0" branchCoverage="100" maxCyclomaticComplexity="1" minCyclomaticComplexity="1" visitedClasses="0" numClasses="1" visitedMethods="0" numMethods="1" />
          <FullName>Models.TransferObjects.EmailRequest</FullName>
          <Methods>
            <Method cyclomaticComplexity="1" nPathComplexity="0" sequenceCoverage="0" branchCoverage="100" isConstructor="False" isGetter="True" isSetter="False" isStatic="True">
              <Summary numSequencePoints="1" visitedSequencePoints="0" numBranchPoints="0" visitedBranchPoints="0" sequenceCoverage="0" branchCoverage="100" maxCyclomaticComplexity="1" minCyclomaticComplexity="1" visitedClasses="0" numClasses="0" visitedMethods="0" numMethods="1" />
              <MetadataToken />
              <Name>System.String Models.TransferObjects.EmailRequest::get_Email()</Name>
              <FileRef uid="14" />
              <SequencePoints>
                <SequencePoint vc="0" uspid="11" ordinal="0" sl="11" sc="1" el="11" ec="2" bec="0" bev="0" fileid="14" />
              </SequencePoints>
              <BranchPoints />
              <MethodPoint vc="0" uspid="0" p8:type="SequencePoint" ordinal="0" offset="0" sc="0" sl="11" ec="1" el="11" bec="0" bev="0" fileid="14" xmlns:p8="xsi" />
            </Method>
          </Methods>
        </Class>
        <Class>
          <Summary numSequencePoints="7" visitedSequencePoints="6" numBranchPoints="0" visitedBranchPoints="0" sequenceCoverage="85.71" branchCoverage="100" maxCyclomaticComplexity="1" minCyclomaticComplexity="1" visitedClasses="1" numClasses="1" visitedMethods="2" numMethods="3" />
          <FullName>Models.TransferObjects.GenericManagerResponse`2</FullName>
          <Methods>
            <Method cyclomaticComplexity="1" nPathComplexity="0" sequenceCoverage="100" branchCoverage="100" isConstructor="False" isGetter="True" isSetter="False" isStatic="True">
              <Summary numSequencePoints="1" visitedSequencePoints="1" numBranchPoints="0" visitedBranchPoints="0" sequenceCoverage="100" branchCoverage="100" maxCyclomaticComplexity="1" minCyclomaticComplexity="1" visitedClasses="0" numClasses="0" visitedMethods="1" numMethods="1" />
              <MetadataToken />
              <Name>TE Models.TransferObjects.GenericManagerResponse`2::get_Response()</Name>
              <FileRef uid="15" />
              <SequencePoints>
                <SequencePoint vc="3" uspid="13" ordinal="0" sl="13" sc="1" el="13" ec="2" bec="0" bev="0" fileid="15" />
              </SequencePoints>
              <BranchPoints />
              <MethodPoint vc="1" uspid="0" p8:type="SequencePoint" ordinal="0" offset="0" sc="0" sl="13" ec="1" el="13" bec="0" bev="0" fileid="15" xmlns:p8="xsi" />
            </Method>
            <Method cyclomaticComplexity="1" nPathComplexity="0" sequenceCoverage="0" branchCoverage="100" isConstructor="False" isGetter="True" isSetter="False" isStatic="True">
              <Summary numSequencePoints="1" visitedSequencePoints="0" numBranchPoints="0" visitedBranchPoints="0" sequenceCoverage="0" branchCoverage="100" maxCyclomaticComplexity="1" minCyclomaticComplexity="1" visitedClasses="0" numClasses="0" visitedMethods="0" numMethods="1" />
              <MetadataToken />
              <Name>T Models.TransferObjects.GenericManagerResponse`2::get_Value()</Name>
              <FileRef uid="15" />
              <SequencePoints>
                <SequencePoint vc="0" uspid="18" ordinal="0" sl="18" sc="1" el="18" ec="2" bec="0" bev="0" fileid="15" />
              </SequencePoints>
              <BranchPoints />
              <MethodPoint vc="0" uspid="0" p8:type="SequencePoint" ordinal="1" offset="1" sc="0" sl="18" ec="1" el="18" bec="0" bev="0" fileid="15" xmlns:p8="xsi" />
            </Method>
            <Method cyclomaticComplexity="1" nPathComplexity="0" sequenceCoverage="100" branchCoverage="100" isConstructor="True" isGetter="False" isSetter="False" isStatic="True">
              <Summary numSequencePoints="5" visitedSequencePoints="5" numBranchPoints="0" visitedBranchPoints="0" sequenceCoverage="100" branchCoverage="100" maxCyclomaticComplexity="1" minCyclomaticComplexity="1" visitedClasses="0" numClasses="0" visitedMethods="1" numMethods="1" />
              <MetadataToken />
              <Name>System.Void Models.TransferObjects.GenericManagerResponse`2::.ctor(TE,T)</Name>
              <FileRef uid="15" />
              <SequencePoints>
                <SequencePoint vc="3" uspid="25" ordinal="0" sl="25" sc="1" el="25" ec="2" bec="0" bev="0" fileid="15" />
                <SequencePoint vc="3" uspid="26" ordinal="1" sl="26" sc="1" el="26" ec="2" bec="0" bev="0" fileid="15" />
                <SequencePoint vc="3" uspid="27" ordinal="2" sl="27" sc="1" el="27" ec="2" bec="0" bev="0" fileid="15" />
                <SequencePoint vc="3" uspid="28" ordinal="3" sl="28" sc="1" el="28" ec="2" bec="0" bev="0" fileid="15" />
                <SequencePoint vc="3" uspid="29" ordinal="4" sl="29" sc="1" el="29" ec="2" bec="0" bev="0" fileid="15" />
              </SequencePoints>
              <BranchPoints />
              <MethodPoint vc="5" uspid="0" p8:type="SequencePoint" ordinal="2" offset="2" sc="0" sl="25" ec="1" el="29" bec="0" bev="0" fileid="15" xmlns:p8="xsi" />
            </Method>
          </Methods>
        </Class>
        <Class>
          <Summary numSequencePoints="2" visitedSequencePoints="2" numBranchPoints="0" visitedBranchPoints="0" sequenceCoverage="100" branchCoverage="100" maxCyclomaticComplexity="1" minCyclomaticComplexity="1" visitedClasses="1" numClasses="1" visitedMethods="2" numMethods="2" />
          <FullName>Models.TransferObjects.OneTimeTokenRequest</FullName>
          <Methods>
            <Method cyclomaticComplexity="1" nPathComplexity="0" sequenceCoverage="100" branchCoverage="100" isConstructor="False" isGetter="True" isSetter="False" isStatic="True">
              <Summary numSequencePoints="1" visitedSequencePoints="1" numBranchPoints="0" visitedBranchPoints="0" sequenceCoverage="100" branchCoverage="100" maxCyclomaticComplexity="1" minCyclomaticComplexity="1" visitedClasses="0" numClasses="0" visitedMethods="1" numMethods="1" />
              <MetadataToken />
              <Name>System.String Models.TransferObjects.OneTimeTokenRequest::get_Token()</Name>
              <FileRef uid="16" />
              <SequencePoints>
                <SequencePoint vc="10" uspid="11" ordinal="0" sl="11" sc="1" el="11" ec="2" bec="0" bev="0" fileid="16" />
              </SequencePoints>
              <BranchPoints />
              <MethodPoint vc="1" uspid="0" p8:type="SequencePoint" ordinal="0" offset="0" sc="0" sl="11" ec="1" el="11" bec="0" bev="0" fileid="16" xmlns:p8="xsi" />
            </Method>
            <Method cyclomaticComplexity="1" nPathComplexity="0" sequenceCoverage="100" branchCoverage="100" isConstructor="False" isGetter="True" isSetter="False" isStatic="True">
              <Summary numSequencePoints="1" visitedSequencePoints="1" numBranchPoints="0" visitedBranchPoints="0" sequenceCoverage="100" branchCoverage="100" maxCyclomaticComplexity="1" minCyclomaticComplexity="1" visitedClasses="0" numClasses="0" visitedMethods="1" numMethods="1" />
              <MetadataToken />
              <Name>System.String Models.TransferObjects.OneTimeTokenRequest::get_DeviceId()</Name>
              <FileRef uid="16" />
              <SequencePoints>
                <SequencePoint vc="6" uspid="16" ordinal="0" sl="16" sc="1" el="16" ec="2" bec="0" bev="0" fileid="16" />
              </SequencePoints>
              <BranchPoints />
              <MethodPoint vc="1" uspid="0" p8:type="SequencePoint" ordinal="1" offset="1" sc="0" sl="16" ec="1" el="16" bec="0" bev="0" fileid="16" xmlns:p8="xsi" />
            </Method>
          </Methods>
        </Class>
        <Class>
          <Summary numSequencePoints="2" visitedSequencePoints="0" numBranchPoints="0" visitedBranchPoints="0" sequenceCoverage="0" branchCoverage="100" maxCyclomaticComplexity="1" minCyclomaticComplexity="1" visitedClasses="0" numClasses="1" visitedMethods="0" numMethods="2" />
          <FullName>Models.TransferObjects.PasswordChangeRequest</FullName>
          <Methods>
            <Method cyclomaticComplexity="1" nPathComplexity="0" sequenceCoverage="0" branchCoverage="100" isConstructor="False" isGetter="True" isSetter="False" isStatic="True">
              <Summary numSequencePoints="1" visitedSequencePoints="0" numBranchPoints="0" visitedBranchPoints="0" sequenceCoverage="0" branchCoverage="100" maxCyclomaticComplexity="1" minCyclomaticComplexity="1" visitedClasses="0" numClasses="0" visitedMethods="0" numMethods="1" />
              <MetadataToken />
              <Name>System.String Models.TransferObjects.PasswordChangeRequest::get_Password()</Name>
              <FileRef uid="17" />
              <SequencePoints>
                <SequencePoint vc="0" uspid="11" ordinal="0" sl="11" sc="1" el="11" ec="2" bec="0" bev="0" fileid="17" />
              </SequencePoints>
              <BranchPoints />
              <MethodPoint vc="0" uspid="0" p8:type="SequencePoint" ordinal="0" offset="0" sc="0" sl="11" ec="1" el="11" bec="0" bev="0" fileid="17" xmlns:p8="xsi" />
            </Method>
            <Method cyclomaticComplexity="1" nPathComplexity="0" sequenceCoverage="0" branchCoverage="100" isConstructor="False" isGetter="True" isSetter="False" isStatic="True">
              <Summary numSequencePoints="1" visitedSequencePoints="0" numBranchPoints="0" visitedBranchPoints="0" sequenceCoverage="0" branchCoverage="100" maxCyclomaticComplexity="1" minCyclomaticComplexity="1" visitedClasses="0" numClasses="0" visitedMethods="0" numMethods="1" />
              <MetadataToken />
              <Name>System.String Models.TransferObjects.PasswordChangeRequest::get_DeviceId()</Name>
              <FileRef uid="17" />
              <SequencePoints>
                <SequencePoint vc="0" uspid="16" ordinal="0" sl="16" sc="1" el="16" ec="2" bec="0" bev="0" fileid="17" />
              </SequencePoints>
              <BranchPoints />
              <MethodPoint vc="0" uspid="0" p8:type="SequencePoint" ordinal="1" offset="1" sc="0" sl="16" ec="1" el="16" bec="0" bev="0" fileid="17" xmlns:p8="xsi" />
            </Method>
          </Methods>
        </Class>
        <Class>
          <Summary numSequencePoints="1" visitedSequencePoints="0" numBranchPoints="0" visitedBranchPoints="0" sequenceCoverage="0" branchCoverage="100" maxCyclomaticComplexity="1" minCyclomaticComplexity="1" visitedClasses="0" numClasses="1" visitedMethods="0" numMethods="1" />
          <FullName>Models.TransferObjects.PasswordChangeRequestWithToken</FullName>
          <Methods>
            <Method cyclomaticComplexity="1" nPathComplexity="0" sequenceCoverage="0" branchCoverage="100" isConstructor="False" isGetter="True" isSetter="False" isStatic="True">
              <Summary numSequencePoints="1" visitedSequencePoints="0" numBranchPoints="0" visitedBranchPoints="0" sequenceCoverage="0" branchCoverage="100" maxCyclomaticComplexity="1" minCyclomaticComplexity="1" visitedClasses="0" numClasses="0" visitedMethods="0" numMethods="1" />
              <MetadataToken />
              <Name>System.String Models.TransferObjects.PasswordChangeRequestWithToken::get_Password()</Name>
              <FileRef uid="18" />
              <SequencePoints>
                <SequencePoint vc="0" uspid="11" ordinal="0" sl="11" sc="1" el="11" ec="2" bec="0" bev="0" fileid="18" />
              </SequencePoints>
              <BranchPoints />
              <MethodPoint vc="0" uspid="0" p8:type="SequencePoint" ordinal="0" offset="0" sc="0" sl="11" ec="1" el="11" bec="0" bev="0" fileid="18" xmlns:p8="xsi" />
            </Method>
          </Methods>
        </Class>
        <Class>
          <Summary numSequencePoints="19" visitedSequencePoints="10" numBranchPoints="8" visitedBranchPoints="5" sequenceCoverage="52.63" branchCoverage="62.5" maxCyclomaticComplexity="8" minCyclomaticComplexity="1" visitedClasses="1" numClasses="1" visitedMethods="1" numMethods="4" />
          <FullName>Models.TransferObjects.PasswordCriteria</FullName>
          <Methods>
            <Method cyclomaticComplexity="1" nPathComplexity="0" sequenceCoverage="0" branchCoverage="100" isConstructor="False" isGetter="True" isSetter="False" isStatic="True">
              <Summary numSequencePoints="1" visitedSequencePoints="0" numBranchPoints="0" visitedBranchPoints="0" sequenceCoverage="0" branchCoverage="100" maxCyclomaticComplexity="1" minCyclomaticComplexity="1" visitedClasses="0" numClasses="0" visitedMethods="0" numMethods="1" />
              <MetadataToken />
              <Name>System.Int32 Models.TransferObjects.PasswordCriteria::get_MinimumLength()</Name>
              <FileRef uid="19" />
              <SequencePoints>
                <SequencePoint vc="0" uspid="13" ordinal="0" sl="13" sc="1" el="13" ec="2" bec="0" bev="0" fileid="19" />
              </SequencePoints>
              <BranchPoints />
              <MethodPoint vc="0" uspid="0" p8:type="SequencePoint" ordinal="0" offset="0" sc="0" sl="13" ec="1" el="13" bec="0" bev="0" fileid="19" xmlns:p8="xsi" />
            </Method>
            <Method cyclomaticComplexity="1" nPathComplexity="0" sequenceCoverage="0" branchCoverage="100" isConstructor="False" isGetter="True" isSetter="False" isStatic="True">
              <Summary numSequencePoints="1" visitedSequencePoints="0" numBranchPoints="0" visitedBranchPoints="0" sequenceCoverage="0" branchCoverage="100" maxCyclomaticComplexity="1" minCyclomaticComplexity="1" visitedClasses="0" numClasses="0" visitedMethods="0" numMethods="1" />
              <MetadataToken />
              <Name>System.Int32 Models.TransferObjects.PasswordCriteria::get_MinimumAlphabetic()</Name>
              <FileRef uid="19" />
              <SequencePoints>
                <SequencePoint vc="0" uspid="18" ordinal="0" sl="18" sc="1" el="18" ec="2" bec="0" bev="0" fileid="19" />
              </SequencePoints>
              <BranchPoints />
              <MethodPoint vc="0" uspid="0" p8:type="SequencePoint" ordinal="1" offset="1" sc="0" sl="18" ec="1" el="18" bec="0" bev="0" fileid="19" xmlns:p8="xsi" />
            </Method>
            <Method cyclomaticComplexity="1" nPathComplexity="0" sequenceCoverage="0" branchCoverage="100" isConstructor="False" isGetter="True" isSetter="False" isStatic="True">
              <Summary numSequencePoints="1" visitedSequencePoints="0" numBranchPoints="0" visitedBranchPoints="0" sequenceCoverage="0" branchCoverage="100" maxCyclomaticComplexity="1" minCyclomaticComplexity="1" visitedClasses="0" numClasses="0" visitedMethods="0" numMethods="1" />
              <MetadataToken />
              <Name>System.Int32 Models.TransferObjects.PasswordCriteria::get_MinimumNumeric()</Name>
              <FileRef uid="19" />
              <SequencePoints>
                <SequencePoint vc="0" uspid="23" ordinal="0" sl="23" sc="1" el="23" ec="2" bec="0" bev="0" fileid="19" />
              </SequencePoints>
              <BranchPoints />
              <MethodPoint vc="0" uspid="0" p8:type="SequencePoint" ordinal="2" offset="2" sc="0" sl="23" ec="1" el="23" bec="0" bev="0" fileid="19" xmlns:p8="xsi" />
            </Method>
            <Method cyclomaticComplexity="8" nPathComplexity="0" sequenceCoverage="62.5" branchCoverage="62.5" isConstructor="False" isGetter="False" isSetter="False" isStatic="True">
              <Summary numSequencePoints="16" visitedSequencePoints="10" numBranchPoints="8" visitedBranchPoints="5" sequenceCoverage="62.5" branchCoverage="62.5" maxCyclomaticComplexity="8" minCyclomaticComplexity="8" visitedClasses="0" numClasses="0" visitedMethods="1" numMethods="1" />
              <MetadataToken />
              <Name>System.Boolean Models.TransferObjects.PasswordCriteria::IsValid(System.String)</Name>
              <FileRef uid="19" />
              <SequencePoints>
                <SequencePoint vc="64" uspid="31" ordinal="0" sl="31" sc="1" el="31" ec="2" bec="0" bev="0" fileid="19" />
                <SequencePoint vc="64" uspid="32" ordinal="1" sl="32" sc="1" el="32" ec="2" bec="2" bev="1" fileid="19" />
                <SequencePoint vc="0" uspid="33" ordinal="2" sl="33" sc="1" el="33" ec="2" bec="0" bev="0" fileid="19" />
                <SequencePoint vc="0" uspid="34" ordinal="3" sl="34" sc="1" el="34" ec="2" bec="0" bev="0" fileid="19" />
                <SequencePoint vc="64" uspid="37" ordinal="4" sl="37" sc="1" el="37" ec="2" bec="0" bev="0" fileid="19" />
                <SequencePoint vc="64" uspid="39" ordinal="5" sl="39" sc="1" el="39" ec="2" bec="2" bev="2" fileid="19" />
[...]
                <SequencePoint vc="1" uspid="68" ordinal="33" sl="68" sc="1" el="68" ec="2" bec="0" bev="0" fileid="45" />
                <SequencePoint vc="1" uspid="69" ordinal="34" sl="69" sc="1" el="69" ec="2" bec="0" bev="0" fileid="45" />
                <SequencePoint vc="1" uspid="71" ordinal="35" sl="71" sc="1" el="71" ec="2" bec="0" bev="0" fileid="45" />
                <SequencePoint vc="1" uspid="72" ordinal="36" sl="72" sc="1" el="72" ec="2" bec="0" bev="0" fileid="45" />
                <SequencePoint vc="1" uspid="74" ordinal="37" sl="74" sc="1" el="74" ec="2" bec="0" bev="0" fileid="45" />
                <SequencePoint vc="1" uspid="75" ordinal="38" sl="75" sc="1" el="75" ec="2" bec="0" bev="0" fileid="45" />
                <SequencePoint vc="1" uspid="77" ordinal="39" sl="77" sc="1" el="77" ec="2" bec="0" bev="0" fileid="45" />
                <SequencePoint vc="1" uspid="78" ordinal="40" sl="78" sc="1" el="78" ec="2" bec="0" bev="0" fileid="45" />
                <SequencePoint vc="1" uspid="80" ordinal="41" sl="80" sc="1" el="80" ec="2" bec="0" bev="0" fileid="45" />
                <SequencePoint vc="1" uspid="81" ordinal="42" sl="81" sc="1" el="81" ec="2" bec="0" bev="0" fileid="45" />
                <SequencePoint vc="1" uspid="82" ordinal="43" sl="82" sc="1" el="82" ec="2" bec="0" bev="0" fileid="45" />
                <SequencePoint vc="1" uspid="83" ordinal="44" sl="83" sc="1" el="83" ec="2" bec="0" bev="0" fileid="45" />
                <SequencePoint vc="1" uspid="85" ordinal="45" sl="85" sc="1" el="85" ec="2" bec="0" bev="0" fileid="45" />
                <SequencePoint vc="1" uspid="86" ordinal="46" sl="86" sc="1" el="86" ec="2" bec="0" bev="0" fileid="45" />
                <SequencePoint vc="1" uspid="87" ordinal="47" sl="87" sc="1" el="87" ec="2" bec="0" bev="0" fileid="45" />
                <SequencePoint vc="1" uspid="88" ordinal="48" sl="88" sc="1" el="88" ec="2" bec="0" bev="0" fileid="45" />
                <SequencePoint vc="1" uspid="90" ordinal="49" sl="90" sc="1" el="90" ec="2" bec="0" bev="0" fileid="45" />
                <SequencePoint vc="1" uspid="91" ordinal="50" sl="91" sc="1" el="91" ec="2" bec="0" bev="0" fileid="45" />
                <SequencePoint vc="1" uspid="93" ordinal="51" sl="93" sc="1" el="93" ec="2" bec="0" bev="0" fileid="45" />
                <SequencePoint vc="1" uspid="94" ordinal="52" sl="94" sc="1" el="94" ec="2" bec="0" bev="0" fileid="45" />
                <SequencePoint vc="1" uspid="95" ordinal="53" sl="95" sc="1" el="95" ec="2" bec="0" bev="0" fileid="45" />
                <SequencePoint vc="1" uspid="96" ordinal="54" sl="96" sc="1" el="96" ec="2" bec="0" bev="0" fileid="45" />
                <SequencePoint vc="1" uspid="98" ordinal="55" sl="98" sc="1" el="98" ec="2" bec="0" bev="0" fileid="45" />
                <SequencePoint vc="1" uspid="99" ordinal="56" sl="99" sc="1" el="99" ec="2" bec="0" bev="0" fileid="45" />
                <SequencePoint vc="1" uspid="100" ordinal="57" sl="100" sc="1" el="100" ec="2" bec="0" bev="0" fileid="45" />
                <SequencePoint vc="1" uspid="101" ordinal="58" sl="101" sc="1" el="101" ec="2" bec="0" bev="0" fileid="45" />
                <SequencePoint vc="1" uspid="103" ordinal="59" sl="103" sc="1" el="103" ec="2" bec="0" bev="0" fileid="45" />
                <SequencePoint vc="1" uspid="104" ordinal="60" sl="104" sc="1" el="104" ec="2" bec="0" bev="0" fileid="45" />
                <SequencePoint vc="1" uspid="106" ordinal="61" sl="106" sc="1" el="106" ec="2" bec="0" bev="0" fileid="45" />
                <SequencePoint vc="1" uspid="107" ordinal="62" sl="107" sc="1" el="107" ec="2" bec="0" bev="0" fileid="45" />
                <SequencePoint vc="1" uspid="108" ordinal="63" sl="108" sc="1" el="108" ec="2" bec="0" bev="0" fileid="45" />
                <SequencePoint vc="1" uspid="109" ordinal="64" sl="109" sc="1" el="109" ec="2" bec="0" bev="0" fileid="45" />
                <SequencePoint vc="1" uspid="111" ordinal="65" sl="111" sc="1" el="111" ec="2" bec="0" bev="0" fileid="45" />
                <SequencePoint vc="1" uspid="112" ordinal="66" sl="112" sc="1" el="112" ec="2" bec="0" bev="0" fileid="45" />
                <SequencePoint vc="1" uspid="113" ordinal="67" sl="113" sc="1" el="113" ec="2" bec="0" bev="0" fileid="45" />
                <SequencePoint vc="1" uspid="114" ordinal="68" sl="114" sc="1" el="114" ec="2" bec="0" bev="0" fileid="45" />
                <SequencePoint vc="1" uspid="116" ordinal="69" sl="116" sc="1" el="116" ec="2" bec="0" bev="0" fileid="45" />
                <SequencePoint vc="1" uspid="117" ordinal="70" sl="117" sc="1" el="117" ec="2" bec="0" bev="0" fileid="45" />
                <SequencePoint vc="1" uspid="118" ordinal="71" sl="118" sc="1" el="118" ec="2" bec="0" bev="0" fileid="45" />
                <SequencePoint vc="1" uspid="119" ordinal="72" sl="119" sc="1" el="119" ec="2" bec="0" bev="0" fileid="45" />
                <SequencePoint vc="1" uspid="120" ordinal="73" sl="120" sc="1" el="120" ec="2" bec="0" bev="0" fileid="45" />
              </SequencePoints>
              <BranchPoints />
              <MethodPoint vc="74" uspid="0" p8:type="SequencePoint" ordinal="0" offset="0" sc="0" sl="24" ec="1" el="120" bec="0" bev="0" fileid="45" xmlns:p8="xsi" />
            </Method>
            <Method cyclomaticComplexity="1" nPathComplexity="0" sequenceCoverage="100" branchCoverage="100" isConstructor="False" isGetter="True" isSetter="False" isStatic="True">
              <Summary numSequencePoints="1" visitedSequencePoints="1" numBranchPoints="0" visitedBranchPoints="0" sequenceCoverage="100" branchCoverage="100" maxCyclomaticComplexity="1" minCyclomaticComplexity="1" visitedClasses="0" numClasses="0" visitedMethods="1" numMethods="1" />
              <MetadataToken />
              <Name>Microsoft.EntityFrameworkCore.DbSet`1&lt;Models.DbModels.User&gt; BusinessLayer.Context.QuizContext::get_Users()</Name>
              <FileRef uid="45" />
              <SequencePoints>
                <SequencePoint vc="208" uspid="125" ordinal="0" sl="125" sc="1" el="125" ec="2" bec="0" bev="0" fileid="45" />
              </SequencePoints>
              <BranchPoints />
              <MethodPoint vc="1" uspid="0" p8:type="SequencePoint" ordinal="1" offset="1" sc="0" sl="125" ec="1" el="125" bec="0" bev="0" fileid="45" xmlns:p8="xsi" />
            </Method>
            <Method cyclomaticComplexity="1" nPathComplexity="0" sequenceCoverage="100" branchCoverage="100" isConstructor="False" isGetter="True" isSetter="False" isStatic="True">
              <Summary numSequencePoints="1" visitedSequencePoints="1" numBranchPoints="0" visitedBranchPoints="0" sequenceCoverage="100" branchCoverage="100" maxCyclomaticComplexity="1" minCyclomaticComplexity="1" visitedClasses="0" numClasses="0" visitedMethods="1" numMethods="1" />
              <MetadataToken />
              <Name>Microsoft.EntityFrameworkCore.DbSet`1&lt;Models.DbModels.UserToken&gt; BusinessLayer.Context.QuizContext::get_UserTokens()</Name>
              <FileRef uid="45" />
              <SequencePoints>
                <SequencePoint vc="78" uspid="130" ordinal="0" sl="130" sc="1" el="130" ec="2" bec="0" bev="0" fileid="45" />
              </SequencePoints>
              <BranchPoints />
              <MethodPoint vc="1" uspid="0" p8:type="SequencePoint" ordinal="2" offset="2" sc="0" sl="130" ec="1" el="130" bec="0" bev="0" fileid="45" xmlns:p8="xsi" />
            </Method>
            <Method cyclomaticComplexity="1" nPathComplexity="0" sequenceCoverage="100" branchCoverage="100" isConstructor="False" isGetter="True" isSetter="False" isStatic="True">
              <Summary numSequencePoints="1" visitedSequencePoints="1" numBranchPoints="0" visitedBranchPoints="0" sequenceCoverage="100" branchCoverage="100" maxCyclomaticComplexity="1" minCyclomaticComplexity="1" visitedClasses="0" numClasses="0" visitedMethods="1" numMethods="1" />
              <MetadataToken />
              <Name>Microsoft.EntityFrameworkCore.DbSet`1&lt;Models.DbModels.OneTimeToken&gt; BusinessLayer.Context.QuizContext::get_OneTimeTokens()</Name>
              <FileRef uid="45" />
              <SequencePoints>
                <SequencePoint vc="87" uspid="135" ordinal="0" sl="135" sc="1" el="135" ec="2" bec="0" bev="0" fileid="45" />
              </SequencePoints>
              <BranchPoints />
              <MethodPoint vc="1" uspid="0" p8:type="SequencePoint" ordinal="3" offset="3" sc="0" sl="135" ec="1" el="135" bec="0" bev="0" fileid="45" xmlns:p8="xsi" />
            </Method>
            <Method cyclomaticComplexity="1" nPathComplexity="0" sequenceCoverage="100" branchCoverage="100" isConstructor="False" isGetter="True" isSetter="False" isStatic="True">
              <Summary numSequencePoints="1" visitedSequencePoints="1" numBranchPoints="0" visitedBranchPoints="0" sequenceCoverage="100" branchCoverage="100" maxCyclomaticComplexity="1" minCyclomaticComplexity="1" visitedClasses="0" numClasses="0" visitedMethods="1" numMethods="1" />
              <MetadataToken />
              <Name>Microsoft.EntityFrameworkCore.DbSet`1&lt;Models.DbModels.Quiz&gt; BusinessLayer.Context.QuizContext::get_Quizes()</Name>
              <FileRef uid="45" />
              <SequencePoints>
                <SequencePoint vc="107" uspid="140" ordinal="0" sl="140" sc="1" el="140" ec="2" bec="0" bev="0" fileid="45" />
              </SequencePoints>
              <BranchPoints />
              <MethodPoint vc="1" uspid="0" p8:type="SequencePoint" ordinal="4" offset="4" sc="0" sl="140" ec="1" el="140" bec="0" bev="0" fileid="45" xmlns:p8="xsi" />
            </Method>
            <Method cyclomaticComplexity="1" nPathComplexity="0" sequenceCoverage="100" branchCoverage="100" isConstructor="False" isGetter="True" isSetter="False" isStatic="True">
              <Summary numSequencePoints="1" visitedSequencePoints="1" numBranchPoints="0" visitedBranchPoints="0" sequenceCoverage="100" branchCoverage="100" maxCyclomaticComplexity="1" minCyclomaticComplexity="1" visitedClasses="0" numClasses="0" visitedMethods="1" numMethods="1" />
              <MetadataToken />
              <Name>Microsoft.EntityFrameworkCore.DbSet`1&lt;Models.DbModels.QuizIdentity&gt; BusinessLayer.Context.QuizContext::get_QuizIdentities()</Name>
              <FileRef uid="45" />
              <SequencePoints>
                <SequencePoint vc="90" uspid="145" ordinal="0" sl="145" sc="1" el="145" ec="2" bec="0" bev="0" fileid="45" />
              </SequencePoints>
              <BranchPoints />
              <MethodPoint vc="1" uspid="0" p8:type="SequencePoint" ordinal="5" offset="5" sc="0" sl="145" ec="1" el="145" bec="0" bev="0" fileid="45" xmlns:p8="xsi" />
            </Method>
            <Method cyclomaticComplexity="1" nPathComplexity="0" sequenceCoverage="100" branchCoverage="100" isConstructor="False" isGetter="True" isSetter="False" isStatic="True">
              <Summary numSequencePoints="1" visitedSequencePoints="1" numBranchPoints="0" visitedBranchPoints="0" sequenceCoverage="100" branchCoverage="100" maxCyclomaticComplexity="1" minCyclomaticComplexity="1" visitedClasses="0" numClasses="0" visitedMethods="1" numMethods="1" />
              <MetadataToken />
              <Name>Microsoft.EntityFrameworkCore.DbSet`1&lt;Models.DbModels.QuizAttempt&gt; BusinessLayer.Context.QuizContext::get_QuizAttempts()</Name>
              <FileRef uid="45" />
              <SequencePoints>
                <SequencePoint vc="80" uspid="150" ordinal="0" sl="150" sc="1" el="150" ec="2" bec="0" bev="0" fileid="45" />
              </SequencePoints>
              <BranchPoints />
              <MethodPoint vc="1" uspid="0" p8:type="SequencePoint" ordinal="6" offset="6" sc="0" sl="150" ec="1" el="150" bec="0" bev="0" fileid="45" xmlns:p8="xsi" />
            </Method>
            <Method cyclomaticComplexity="1" nPathComplexity="0" sequenceCoverage="100" branchCoverage="100" isConstructor="False" isGetter="True" isSetter="False" isStatic="True">
              <Summary numSequencePoints="1" visitedSequencePoints="1" numBranchPoints="0" visitedBranchPoints="0" sequenceCoverage="100" branchCoverage="100" maxCyclomaticComplexity="1" minCyclomaticComplexity="1" visitedClasses="0" numClasses="0" visitedMethods="1" numMethods="1" />
              <MetadataToken />
              <Name>Microsoft.EntityFrameworkCore.DbSet`1&lt;Models.DbModels.QuizAssignment&gt; BusinessLayer.Context.QuizContext::get_QuizAssignments()</Name>
              <FileRef uid="45" />
              <SequencePoints>
                <SequencePoint vc="67" uspid="155" ordinal="0" sl="155" sc="1" el="155" ec="2" bec="0" bev="0" fileid="45" />
              </SequencePoints>
              <BranchPoints />
              <MethodPoint vc="1" uspid="0" p8:type="SequencePoint" ordinal="7" offset="7" sc="0" sl="155" ec="1" el="155" bec="0" bev="0" fileid="45" xmlns:p8="xsi" />
            </Method>
            <Method cyclomaticComplexity="1" nPathComplexity="0" sequenceCoverage="100" branchCoverage="100" isConstructor="False" isGetter="True" isSetter="False" isStatic="True">
              <Summary numSequencePoints="1" visitedSequencePoints="1" numBranchPoints="0" visitedBranchPoints="0" sequenceCoverage="100" branchCoverage="100" maxCyclomaticComplexity="1" minCyclomaticComplexity="1" visitedClasses="0" numClasses="0" visitedMethods="1" numMethods="1" />
              <MetadataToken />
              <Name>Microsoft.EntityFrameworkCore.DbSet`1&lt;Models.DbModels.Question&gt; BusinessLayer.Context.QuizContext::get_Questions()</Name>
              <FileRef uid="45" />
              <SequencePoints>
                <SequencePoint vc="69" uspid="160" ordinal="0" sl="160" sc="1" el="160" ec="2" bec="0" bev="0" fileid="45" />
              </SequencePoints>
              <BranchPoints />
              <MethodPoint vc="1" uspid="0" p8:type="SequencePoint" ordinal="8" offset="8" sc="0" sl="160" ec="1" el="160" bec="0" bev="0" fileid="45" xmlns:p8="xsi" />
            </Method>
            <Method cyclomaticComplexity="1" nPathComplexity="0" sequenceCoverage="100" branchCoverage="100" isConstructor="False" isGetter="True" isSetter="False" isStatic="True">
              <Summary numSequencePoints="1" visitedSequencePoints="1" numBranchPoints="0" visitedBranchPoints="0" sequenceCoverage="100" branchCoverage="100" maxCyclomaticComplexity="1" minCyclomaticComplexity="1" visitedClasses="0" numClasses="0" visitedMethods="1" numMethods="1" />
              <MetadataToken />
              <Name>Microsoft.EntityFrameworkCore.DbSet`1&lt;Models.DbModels.Option&gt; BusinessLayer.Context.QuizContext::get_Options()</Name>
              <FileRef uid="45" />
              <SequencePoints>
                <SequencePoint vc="89" uspid="165" ordinal="0" sl="165" sc="1" el="165" ec="2" bec="0" bev="0" fileid="45" />
              </SequencePoints>
              <BranchPoints />
              <MethodPoint vc="1" uspid="0" p8:type="SequencePoint" ordinal="9" offset="9" sc="0" sl="165" ec="1" el="165" bec="0" bev="0" fileid="45" xmlns:p8="xsi" />
            </Method>
            <Method cyclomaticComplexity="1" nPathComplexity="0" sequenceCoverage="100" branchCoverage="100" isConstructor="False" isGetter="True" isSetter="False" isStatic="True">
              <Summary numSequencePoints="1" visitedSequencePoints="1" numBranchPoints="0" visitedBranchPoints="0" sequenceCoverage="100" branchCoverage="100" maxCyclomaticComplexity="1" minCyclomaticComplexity="1" visitedClasses="0" numClasses="0" visitedMethods="1" numMethods="1" />
              <MetadataToken />
              <Name>Microsoft.EntityFrameworkCore.DbSet`1&lt;Models.DbModels.QuestionOption&gt; BusinessLayer.Context.QuizContext::get_QuestionOptions()</Name>
              <FileRef uid="45" />
              <SequencePoints>
                <SequencePoint vc="112" uspid="170" ordinal="0" sl="170" sc="1" el="170" ec="2" bec="0" bev="0" fileid="45" />
              </SequencePoints>
              <BranchPoints />
              <MethodPoint vc="1" uspid="0" p8:type="SequencePoint" ordinal="10" offset="10" sc="0" sl="170" ec="1" el="170" bec="0" bev="0" fileid="45" xmlns:p8="xsi" />
            </Method>
            <Method cyclomaticComplexity="1" nPathComplexity="0" sequenceCoverage="100" branchCoverage="100" isConstructor="False" isGetter="True" isSetter="False" isStatic="True">
              <Summary numSequencePoints="1" visitedSequencePoints="1" numBranchPoints="0" visitedBranchPoints="0" sequenceCoverage="100" branchCoverage="100" maxCyclomaticComplexity="1" minCyclomaticComplexity="1" visitedClasses="0" numClasses="0" visitedMethods="1" numMethods="1" />
              <MetadataToken />
              <Name>Microsoft.EntityFrameworkCore.DbSet`1&lt;Models.DbModels.QuizQuestion&gt; BusinessLayer.Context.QuizContext::get_QuizQuestions()</Name>
              <FileRef uid="45" />
              <SequencePoints>
                <SequencePoint vc="81" uspid="175" ordinal="0" sl="175" sc="1" el="175" ec="2" bec="0" bev="0" fileid="45" />
              </SequencePoints>
              <BranchPoints />
              <MethodPoint vc="1" uspid="0" p8:type="SequencePoint" ordinal="11" offset="11" sc="0" sl="175" ec="1" el="175" bec="0" bev="0" fileid="45" xmlns:p8="xsi" />
            </Method>
            <Method cyclomaticComplexity="1" nPathComplexity="0" sequenceCoverage="100" branchCoverage="100" isConstructor="False" isGetter="True" isSetter="False" isStatic="True">
              <Summary numSequencePoints="1" visitedSequencePoints="1" numBranchPoints="0" visitedBranchPoints="0" sequenceCoverage="100" branchCoverage="100" maxCyclomaticComplexity="1" minCyclomaticComplexity="1" visitedClasses="0" numClasses="0" visitedMethods="1" numMethods="1" />
              <MetadataToken />
              <Name>Microsoft.EntityFrameworkCore.DbSet`1&lt;Models.DbModels.Answer&gt; BusinessLayer.Context.QuizContext::get_Answers()</Name>
              <FileRef uid="45" />
              <SequencePoints>
                <SequencePoint vc="59" uspid="180" ordinal="0" sl="180" sc="1" el="180" ec="2" bec="0" bev="0" fileid="45" />
              </SequencePoints>
              <BranchPoints />
              <MethodPoint vc="1" uspid="0" p8:type="SequencePoint" ordinal="12" offset="12" sc="0" sl="180" ec="1" el="180" bec="0" bev="0" fileid="45" xmlns:p8="xsi" />
            </Method>
            <Method cyclomaticComplexity="1" nPathComplexity="0" sequenceCoverage="100" branchCoverage="100" isConstructor="True" isGetter="False" isSetter="False" isStatic="True">
              <Summary numSequencePoints="3" visitedSequencePoints="3" numBranchPoints="0" visitedBranchPoints="0" sequenceCoverage="100" branchCoverage="100" maxCyclomaticComplexity="1" minCyclomaticComplexity="1" visitedClasses="0" numClasses="0" visitedMethods="1" numMethods="1" />
              <MetadataToken />
              <Name>System.Void BusinessLayer.Context.QuizContext::.ctor(Microsoft.EntityFrameworkCore.DbContextOptions`1&lt;BusinessLayer.Context.QuizContext&gt;)</Name>
              <FileRef uid="45" />
              <SequencePoints>
                <SequencePoint vc="54" uspid="15" ordinal="0" sl="15" sc="1" el="15" ec="2" bec="0" bev="0" fileid="45" />
                <SequencePoint vc="54" uspid="16" ordinal="1" sl="16" sc="1" el="16" ec="2" bec="0" bev="0" fileid="45" />
                <SequencePoint vc="54" uspid="17" ordinal="2" sl="17" sc="1" el="17" ec="2" bec="0" bev="0" fileid="45" />
              </SequencePoints>
              <BranchPoints />
              <MethodPoint vc="3" uspid="0" p8:type="SequencePoint" ordinal="13" offset="13" sc="0" sl="15" ec="1" el="17" bec="0" bev="0" fileid="45" xmlns:p8="xsi" />
            </Method>
          </Methods>
        </Class>
      </Classes>
    </Module>
  </Modules>
</CoverageSession>